2017.12.22 10:01:33,244	INFO	1	ct25.xtreme.Config	Loading GameServer Configuration Files...
2017.12.22 10:01:33,518	INFO	1	ct25.xtreme.util.L2Properties	L2Properties: Missing property for key - DatapackRoot
2017.12.22 10:01:33,573	INFO	1	ct25.xtreme.Config$IPConfigData	Network Config: ipconfig.xml exists using manual configuration...
2017.12.22 10:01:34,267	INFO	1	ct25.xtreme.Config	Loaded 6 Filter Words.
2017.12.22 10:01:34,269	INFO	1	ct25.xtreme.gameserver.GameServer	-----------------------------------------------------------------=[ Database ]
2017.12.22 10:01:34,435	INFO	10	com.mchange.v2.log.MLog	MLog clients using java 1.4+ standard logging.
2017.12.22 10:01:36,017	INFO	1	com.mchange.v2.c3p0.C3P0Registry	Initializing c3p0-0.9.5-pre8 [built 04-April-2014 04:20:15 -0700; debug? true; trace: 10]
2017.12.22 10:01:36,320	INFO	1	com.mchange.v2.c3p0.impl.AbstractPoolBackedDataSource	Initializing c3p0 pool... com.mchange.v2.c3p0.ComboPooledDataSource [ acquireIncrement -> 5, acquireRetryAttempts -> 0, acquireRetryDelay -> 500, autoCommitOnClose -> true, automaticTestTable -> connection_test_table, breakAfterAcquireFailure -> false, checkoutTimeout -> 0, connectionCustomizerClassName -> null, connectionTesterClassName -> com.mchange.v2.c3p0.impl.DefaultConnectionTester, contextClassLoaderSource -> caller, dataSourceName -> 1hge13z9syzksuzpd0mia|1996cd68, debugUnreturnedConnectionStackTraces -> false, description -> null, driverClass -> com.mysql.jdbc.Driver, extensions -> {}, factoryClassLocation -> null, forceIgnoreUnresolvedTransactions -> false, forceUseNamedDriverClass -> false, identityToken -> 1hge13z9syzksuzpd0mia|1996cd68, idleConnectionTestPeriod -> 3600, initialPoolSize -> 10, jdbcUrl -> jdbc:mysql://localhost/iphone, maxAdministrativeTaskTime -> 0, maxConnectionAge -> 0, maxIdleTime -> 0, maxIdleTimeExcessConnections -> 0, maxPoolSize -> 100, maxStatements -> 0, maxStatementsPerConnection -> 100, minPoolSize -> 10, numHelperThreads -> 3, preferredTestQuery -> null, privilegeSpawnedThreads -> false, properties -> {user=******, password=******}, propertyCycle -> 0, statementCacheNumDeferredCloseThreads -> 0, testConnectionOnCheckin -> false, testConnectionOnCheckout -> false, unreturnedConnectionTimeout -> 0, userOverrides -> {}, usesTraditionalReflectiveProxies -> false ]
2017.12.22 10:01:37,225	INFO	1	ct25.xtreme.gameserver.GameServer	Freya Server Version:    ${br.version}
2017.12.22 10:01:37,226	INFO	1	ct25.xtreme.gameserver.GameServer	Freya Datapack Version:  ${br.version}
2017.12.22 10:01:37,753	INFO	1	ct25.xtreme.gameserver.idfactory.IdFactory	Updated characters online status.
2017.12.22 10:01:37,822	INFO	1	ct25.xtreme.gameserver.idfactory.IdFactory	Cleaned 0 expired timestamps from database.
2017.12.22 10:01:37,847	INFO	1	ct25.xtreme.gameserver.idfactory.BitSetIDFactory	IDFactory: 102912 id's available.
2017.12.22 10:01:37,853	INFO	1	ct25.xtreme.gameserver.GameServer	------------------------------------------------------------------=[ Engines ]
2017.12.22 10:01:37,932	INFO	1	ct25.xtreme.gameserver.scripting.L2ScriptEngineManager	Initializing Script Engine Manager
2017.12.22 10:01:39,175	INFO	1	ct25.xtreme.gameserver.scripting.L2ScriptEngineManager	Script Engine: Oracle Nashorn 1.8.0_152 - Language: ECMAScript - Language Version: ECMA - 262 Edition 5.1
2017.12.22 10:01:40,896	INFO	1	ct25.xtreme.gameserver.scripting.L2ScriptEngineManager	Script Engine: jython 2.2.1 - Language: python - Language Version: 2.2.1
2017.12.22 10:01:40,937	INFO	1	ct25.xtreme.gameserver.scripting.L2ScriptEngineManager	Script Engine: java 1.8 - Language: java - Language Version: 1.8
2017.12.22 10:01:41,043	INFO	1	ct25.xtreme.gameserver.GameServer	--------------------------------------------------------------------=[ World ]
2017.12.22 10:01:41,071	INFO	1	ct25.xtreme.gameserver.instancemanager.InstanceManager	Initializing InstanceManager
2017.12.22 10:01:41,097	INFO	1	ct25.xtreme.gameserver.instancemanager.InstanceManager	Loaded 146 instance names
2017.12.22 10:01:41,119	INFO	1	ct25.xtreme.gameserver.instancemanager.InstanceManager	Multiverse Instance created
2017.12.22 10:01:41,134	INFO	1	ct25.xtreme.gameserver.instancemanager.InstanceManager	Universe Instance created
2017.12.22 10:01:41,262	INFO	1	ct25.xtreme.gameserver.model.L2World	L2World: (128 by 136) World Region Grid set up.
2017.12.22 10:01:41,441	INFO	1	ct25.xtreme.gameserver.instancemanager.GlobalVariablesManager	GlobalVariablesManager: Loaded 11 variables.
2017.12.22 10:01:41,465	INFO	1	ct25.xtreme.gameserver.GameServer	-------------------------------------------------------------------=[ Skills ]
2017.12.22 10:01:41,573	INFO	1	ct25.xtreme.gameserver.datatables.EnchantGroupsTable	EnchantGroupsTable: Loaded 5 groups.
2017.12.22 10:01:53,530	INFO	1	ct25.xtreme.gameserver.datatables.SkillTreesData	SkillTreesData: Loaded 16690  Class Skills for 103 Class Skill Trees.
2017.12.22 10:01:53,574	INFO	1	ct25.xtreme.gameserver.datatables.SkillTreesData	SkillTreesData: Loaded 76 Sub-Class Skills.
2017.12.22 10:01:53,645	INFO	1	ct25.xtreme.gameserver.datatables.SkillTreesData	SkillTreesData: Loaded 77 Transfer Skills for 3 Transfer Skill Trees.
2017.12.22 10:01:53,647	INFO	1	ct25.xtreme.gameserver.datatables.SkillTreesData	SkillTreesData: Loaded 117 Fishing Skills, 0 Dwarven only Fishing Skills.
2017.12.22 10:01:53,649	INFO	1	ct25.xtreme.gameserver.datatables.SkillTreesData	SkillTreesData: Loaded 3 Collect Skills.
2017.12.22 10:01:53,653	INFO	1	ct25.xtreme.gameserver.datatables.SkillTreesData	SkillTreesData: Loaded 74 Pledge Skills, 44 for Pledge and 30 Residential.
2017.12.22 10:01:53,655	INFO	1	ct25.xtreme.gameserver.datatables.SkillTreesData	SkillTreesData: Loaded 18 Sub-Pledge Skills.
2017.12.22 10:01:53,657	INFO	1	ct25.xtreme.gameserver.datatables.SkillTreesData	SkillTreesData: Loaded 32 Transform Skills.
2017.12.22 10:01:54,715	INFO	1	ct25.xtreme.gameserver.datatables.SummonSkillsTable	PetSkillsTable: Loaded 1815 skills.
2017.12.22 10:01:54,725	INFO	1	ct25.xtreme.gameserver.GameServer	--------------------------------------------------------------------=[ Items ]
2017.12.22 10:02:03,032	INFO	1	ct25.xtreme.gameserver.datatables.ItemTable	Highest item id used:22172
2017.12.22 10:02:03,115	INFO	1	ct25.xtreme.gameserver.datatables.SummonItemsData	SummonItemsData: Loaded 53 summon items templates.
2017.12.22 10:02:03,223	INFO	1	ct25.xtreme.gameserver.datatables.EnchantHPBonusData	Enchant HP Bonus registered for 1892 items!
2017.12.22 10:02:03,308	INFO	1	ct25.xtreme.gameserver.datatables.MerchantPriceConfigTable	MerchantPriceConfigTable: Loaded 28 merchant price configs.
2017.12.22 10:02:04,494	INFO	1	ct25.xtreme.gameserver.TradeController	TradeController: Loaded 680 Buylists.
2017.12.22 10:02:07,375	INFO	1	ct25.xtreme.gameserver.datatables.MultiSell	MultiSell: Loaded 197 lists.
2017.12.22 10:02:07,528	INFO	1	ct25.xtreme.gameserver.RecipeController	RecipeController: Loaded 1000 recipes.
2017.12.22 10:02:07,632	INFO	1	ct25.xtreme.gameserver.datatables.ArmorSetsTable	ArmorSetsTable: Loaded 198 armor sets.
2017.12.22 10:02:07,691	INFO	1	ct25.xtreme.gameserver.datatables.FishTable	FishTable: Loaded 270 Fishes.
2017.12.22 10:02:07,696	INFO	1	ct25.xtreme.gameserver.GameServer	---------------------------------------------------------------=[ Characters ]
2017.12.22 10:02:07,798	INFO	1	ct25.xtreme.gameserver.datatables.CharTemplateTable	CharTemplateTable: Loaded 103 Character Templates.
2017.12.22 10:02:07,845	INFO	1	ct25.xtreme.gameserver.datatables.CharNameTable	CharNameTable: Loaded 3 char names.
2017.12.22 10:02:07,876	INFO	1	ct25.xtreme.gameserver.datatables.LevelUpData	LevelUpData: Loaded 103 Character Level Up Templates.
2017.12.22 10:02:07,927	INFO	1	ct25.xtreme.gameserver.datatables.AccessLevels	AccessLevels: Loaded 7 from database.
2017.12.22 10:02:07,961	INFO	1	ct25.xtreme.gameserver.datatables.AdminCommandAccessRights	AdminCommandAccessRights: Loaded 478 from database.
2017.12.22 10:02:08,198	INFO	1	ct25.xtreme.gameserver.instancemanager.RaidBossPointsManager	RaidBossPointsManager: Loaded 1 Characters Raid Points.
2017.12.22 10:02:08,518	INFO	1	ct25.xtreme.gameserver.model.actor.instance.L2PetInstance	PetDataTable: Loaded 49 Pets.
2017.12.22 10:02:08,696	INFO	1	ct25.xtreme.gameserver.GameServer	--------------------------------------------------------------------=[ Clans ]
2017.12.22 10:02:09,433	INFO	1	ct25.xtreme.gameserver.communitybbs.Manager.ForumsBBSManager	Loaded 4 forums. Last forum id used: 4
2017.12.22 10:02:09,516	INFO	1	ct25.xtreme.gameserver.datatables.ClanTable	Restored 0 clans from the database.
2017.12.22 10:02:09,596	INFO	1	ct25.xtreme.gameserver.instancemanager.ClanHallManager	Initializing ClanHallManager
2017.12.22 10:02:09,702	INFO	1	ct25.xtreme.gameserver.instancemanager.AuctionManager	Initializing AuctionManager
2017.12.22 10:02:10,253	INFO	1	ct25.xtreme.gameserver.instancemanager.AuctionManager	Loaded: 38 auction(s)
2017.12.22 10:02:10,287	INFO	1	ct25.xtreme.gameserver.instancemanager.ClanHallManager	Loaded: 0 clan halls
2017.12.22 10:02:10,342	INFO	1	ct25.xtreme.gameserver.instancemanager.ClanHallManager	Loaded: 44 free clan halls
2017.12.22 10:02:10,429	INFO	1	ct25.xtreme.gameserver.GameServer	------------------------------------------------------------------=[ Geodata ]
2017.12.22 10:02:10,448	INFO	1	ct25.xtreme.gameserver.GeoData	Geodata Engine: Disabled.
2017.12.22 10:02:10,463	INFO	1	ct25.xtreme.gameserver.GameServer	---------------------------------------------------------------------=[ NPCs ]
2017.12.22 10:02:12,504	INFO	1	ct25.xtreme.gameserver.datatables.NpcTable	NpcTable: (Re)Loaded 10088 NPC template(s).
2017.12.22 10:02:14,017	INFO	1	ct25.xtreme.gameserver.datatables.NpcTable	NpcTable: Loaded 517 Minions.
2017.12.22 10:02:14,553	INFO	1	ct25.xtreme.gameserver.datatables.NpcTable	NPC AI Data Table: Loaded 10088 AI Data.
2017.12.22 10:02:14,739	INFO	1	ct25.xtreme.gameserver.datatables.NpcTable	NPC Elementals Data Table: Loaded 10088 elementals Data.
2017.12.22 10:02:14,876	INFO	1	ct25.xtreme.gameserver.datatables.SpawnTable	Initializing Walkers Routes Table.
2017.12.22 10:02:15,035	INFO	1	ct25.xtreme.gameserver.datatables.SpawnTable	WalkerRoutesTable: Loaded 34 Npc Walker Routes.
2017.12.22 10:02:15,142	INFO	1	ct25.xtreme.gameserver.instancemanager.WalkingManager	WalkingManager: Loading walking routes...
2017.12.22 10:02:15,234	INFO	1	ct25.xtreme.gameserver.instancemanager.WalkingManager	WalkingManager: loaded 10 walking routes.
2017.12.22 10:02:15,332	INFO	1	ct25.xtreme.gameserver.instancemanager.ZoneManager	Loading zones...
2017.12.22 10:02:16,273	INFO	1	ct25.xtreme.gameserver.model.zone.L2ZoneType	L2CustomPvP: Unknown parameter - townId in zone: 5555
2017.12.22 10:02:19,173	INFO	1	ct25.xtreme.gameserver.instancemanager.GrandBossManager	Initializing GrandBossManager
2017.12.22 10:02:19,205	INFO	1	ct25.xtreme.gameserver.instancemanager.GrandBossManager	GrandBossManager: Queen Ant(29001) status is 0.
2017.12.22 10:02:19,205	INFO	1	ct25.xtreme.gameserver.instancemanager.GrandBossManager	GrandBossManager: Core(29006) status is 0.
2017.12.22 10:02:19,206	INFO	1	ct25.xtreme.gameserver.instancemanager.GrandBossManager	GrandBossManager: Orfen(29014) status is 0.
2017.12.22 10:02:19,210	INFO	1	ct25.xtreme.gameserver.instancemanager.GrandBossManager	GrandBossManager: Antharas(29019) status is 0.
2017.12.22 10:02:19,210	INFO	1	ct25.xtreme.gameserver.instancemanager.GrandBossManager	GrandBossManager: Baium(29020) status is 2.
2017.12.22 10:02:19,256	INFO	1	ct25.xtreme.gameserver.instancemanager.GrandBossManager	GrandBossManager: Next spawn date of Baium is Thu Dec 28 04:04:14 BRST 2017.
2017.12.22 10:02:19,257	INFO	1	ct25.xtreme.gameserver.instancemanager.GrandBossManager	GrandBossManager: Valakas(29028) status is 0.
2017.12.22 10:02:19,258	INFO	1	ct25.xtreme.gameserver.instancemanager.GrandBossManager	GrandBossManager: Antharas(29066) status is 0.
2017.12.22 10:02:19,259	INFO	1	ct25.xtreme.gameserver.instancemanager.GrandBossManager	GrandBossManager: Antharas(29067) status is 0.
2017.12.22 10:02:19,259	INFO	1	ct25.xtreme.gameserver.instancemanager.GrandBossManager	GrandBossManager: Antharas(29068) status is 0.
2017.12.22 10:02:19,262	INFO	1	ct25.xtreme.gameserver.instancemanager.GrandBossManager	GrandBossManager: Beleth(29118) status is 0.
2017.12.22 10:02:19,264	INFO	1	ct25.xtreme.gameserver.instancemanager.GrandBossManager	GrandBossManager: Loaded 10 Instances
2017.12.22 10:02:21,090	CONFIG	1	ct25.xtreme.gameserver.instancemanager.ZoneManager	Caution: Zone (40001) from file: custom_town_zones.xml overrides previos definition.
2017.12.22 10:02:38,898	INFO	1	ct25.xtreme.gameserver.instancemanager.ZoneManager	Done: loaded 26 zone classes and 2491 zones.
2017.12.22 10:02:38,907	INFO	1	ct25.xtreme.gameserver.datatables.DoorTable	Searching clan halls doors:
2017.12.22 10:02:39,503	INFO	1	ct25.xtreme.gameserver.datatables.DoorTable	DoorTable: Loaded 977 Door Templates for 19 regions.
2017.12.22 10:02:39,722	INFO	1	ct25.xtreme.gameserver.datatables.StaticObjects	StaticObjects: Loaded 51 static object templates.
2017.12.22 10:02:39,752	INFO	1	ct25.xtreme.gameserver.instancemanager.ItemAuctionManager	ItemAuctionManager: Disabled by config.
2017.12.22 10:02:39,832	INFO	1	ct25.xtreme.gameserver.instancemanager.CastleManager	Initializing CastleManager
2017.12.22 10:02:40,260	INFO	1	ct25.xtreme.gameserver.instancemanager.CastleManager	Loaded: 9 castles
2017.12.22 10:02:41,254	INFO	1	ct25.xtreme.gameserver.instancemanager.FortManager	Initializing FortManager
2017.12.22 10:02:47,541	INFO	1	ct25.xtreme.gameserver.datatables.SpawnTable	SpawnTable: Loaded 3506 Npc Spawn Locations.
2017.12.22 10:02:48,471	INFO	1	ct25.xtreme.gameserver.instancemanager.FortManager	Loaded: 21 fortress
2017.12.22 10:02:48,528	INFO	1	ct25.xtreme.gameserver.instancemanager.FortSiegeManager	Initializing FortSiegeManager
2017.12.22 10:02:49,621	INFO	1	ct25.xtreme.gameserver.datatables.NpcBufferTable	NpcBufferSkillIdsTable: Loaded 1 buffers and 10 skills.
2017.12.22 10:02:49,654	INFO	1	ct25.xtreme.gameserver.instancemanager.HellboundManager	HellboundManager: Loaded 582 npc spawn locations.
2017.12.22 10:02:51,803	INFO	1	ct25.xtreme.gameserver.instancemanager.RaidBossSpawnManager	RaidBossSpawnManager: Loaded 188 Instances
2017.12.22 10:02:51,809	INFO	1	ct25.xtreme.gameserver.instancemanager.RaidBossSpawnManager	RaidBossSpawnManager: Scheduled 0 Instances
2017.12.22 10:02:51,829	INFO	1	ct25.xtreme.gameserver.instancemanager.DayNightSpawnManager	DayNightSpawnManager: Removed 0 night creatures
2017.12.22 10:02:51,850	INFO	1	ct25.xtreme.gameserver.instancemanager.DayNightSpawnManager	DayNightSpawnManager: Spawned 232 day creatures
2017.12.22 10:02:51,877	INFO	1	ct25.xtreme.gameserver.instancemanager.GrandBossManager	GrandBossManager: Initialized 17 Grand Boss Zones
2017.12.22 10:02:52,001	INFO	1	ct25.xtreme.gameserver.instancemanager.FourSepulchersManager	FourSepulchersManager: loaded 20 Mysterious-Box spawns.
2017.12.22 10:02:52,079	INFO	1	ct25.xtreme.gameserver.instancemanager.FourSepulchersManager	FourSepulchersManager: loaded 716 Physical type monsters spawns.
2017.12.22 10:02:52,150	INFO	1	ct25.xtreme.gameserver.instancemanager.FourSepulchersManager	FourSepulchersManager: loaded 716 Magical type monsters spawns.
2017.12.22 10:02:52,183	INFO	1	ct25.xtreme.gameserver.instancemanager.FourSepulchersManager	FourSepulchersManager: loaded 92 Church of duke monsters spawns.
2017.12.22 10:02:52,221	INFO	1	ct25.xtreme.gameserver.instancemanager.FourSepulchersManager	FourSepulchersManager: loaded 68 Emperor's grave NPC spawns.
2017.12.22 10:02:52,238	INFO	1	ct25.xtreme.gameserver.instancemanager.FourSepulchersManager	FourSepulchersManager: spawned Conquerors' Sepulcher Manager
2017.12.22 10:02:52,239	INFO	1	ct25.xtreme.gameserver.instancemanager.FourSepulchersManager	FourSepulchersManager: spawned Emperors' Sepulcher Manager
2017.12.22 10:02:52,240	INFO	1	ct25.xtreme.gameserver.instancemanager.FourSepulchersManager	FourSepulchersManager: spawned Great Sages' Sepulcher Manager
2017.12.22 10:02:52,240	INFO	1	ct25.xtreme.gameserver.instancemanager.FourSepulchersManager	FourSepulchersManager: spawned Judges' Sepulcher Manager
2017.12.22 10:02:52,242	INFO	1	ct25.xtreme.gameserver.instancemanager.FourSepulchersManager	FourSepulchersManager: Beginning in Attack time
2017.12.22 10:02:52,244	INFO	16	ct25.xtreme.gameserver.instancemanager.FourSepulchersManager	Fri Dec 22 10:02:52 BRST 2017 Atk announce scheduled to 5.0 minute of this hour.
2017.12.22 10:02:52,321	INFO	1	ct25.xtreme.gameserver.instancemanager.DimensionalRiftManager	DimensionalRiftManager: Loaded 7 room types with 56 rooms.
2017.12.22 10:02:52,359	INFO	1	ct25.xtreme.gameserver.instancemanager.DimensionalRiftManager	DimensionalRiftManager: Loaded 462 dimensional rift spawns, 0 errors.
2017.12.22 10:02:52,390	INFO	1	ct25.xtreme.gameserver.instancemanager.QuestManager	Initializing QuestManager
2017.12.22 10:02:52,411	INFO	1	ct25.xtreme.gameserver.GameServer	--------------------------------------------------------------------=[ Siege ]
2017.12.22 10:02:52,437	INFO	1	ct25.xtreme.gameserver.datatables.SiegeScheduleData	SiegeScheduleData: Loaded: 2 siege schedulers.
2017.12.22 10:02:52,442	INFO	1	ct25.xtreme.gameserver.instancemanager.SiegeManager	Initializing SiegeManager
2017.12.22 10:02:52,512	INFO	1	ct25.xtreme.gameserver.SevenSigns	SevenSigns: Currently in the Competition (Quest Event) period!
2017.12.22 10:02:52,513	INFO	1	ct25.xtreme.gameserver.SevenSigns	SevenSigns: The Seal of Avarice remains unclaimed.
2017.12.22 10:02:52,519	INFO	1	ct25.xtreme.gameserver.SevenSigns	SevenSigns: The Seal of Gnosis remains unclaimed.
2017.12.22 10:02:52,521	INFO	1	ct25.xtreme.gameserver.SevenSigns	SevenSigns: The Seal of Strife remains unclaimed.
2017.12.22 10:02:52,523	INFO	1	ct25.xtreme.gameserver.SevenSigns	SevenSigns: The competition, if the current trend continues, will end in a tie this week.
2017.12.22 10:02:52,525	INFO	1	ct25.xtreme.gameserver.SevenSigns	SevenSigns: Next period change set to Mon Dec 25 18:00:52 BRST 2017
2017.12.22 10:02:52,529	INFO	1	ct25.xtreme.gameserver.SevenSigns	SevenSigns: Next period begins in 3 days, 7 hours and 57 mins.
2017.12.22 10:02:52,531	INFO	1	ct25.xtreme.gameserver.model.entity.Siege	Siege of Gludio: Sun Dec 31 16:00:00 BRST 2017
2017.12.22 10:02:52,536	INFO	1	ct25.xtreme.gameserver.model.entity.Siege	Siege of Dion: Sun Dec 31 16:00:00 BRST 2017
2017.12.22 10:02:52,539	INFO	1	ct25.xtreme.gameserver.model.entity.Siege	Siege of Giran: Sun Dec 31 16:00:00 BRST 2017
2017.12.22 10:02:52,541	INFO	1	ct25.xtreme.gameserver.model.entity.Siege	Siege of Oren: Sun Dec 31 16:00:00 BRST 2017
2017.12.22 10:02:52,545	INFO	1	ct25.xtreme.gameserver.model.entity.Siege	Siege of Aden: Sun Dec 31 16:00:00 BRST 2017
2017.12.22 10:02:52,555	INFO	1	ct25.xtreme.gameserver.model.entity.Siege	Siege of Innadril: Sun Dec 31 20:00:00 BRST 2017
2017.12.22 10:02:52,559	INFO	1	ct25.xtreme.gameserver.model.entity.Siege	Siege of Goddard: Sun Dec 31 20:00:00 BRST 2017
2017.12.22 10:02:52,562	INFO	1	ct25.xtreme.gameserver.model.entity.Siege	Siege of Rune: Sun Dec 31 20:00:00 BRST 2017
2017.12.22 10:02:52,564	INFO	1	ct25.xtreme.gameserver.model.entity.Siege	Siege of Schuttgart: Sun Dec 31 20:00:00 BRST 2017
2017.12.22 10:02:52,579	INFO	1	ct25.xtreme.gameserver.instancemanager.TerritoryWarManager	Initializing TerritoryWarManager
2017.12.22 10:02:52,740	INFO	1	ct25.xtreme.gameserver.instancemanager.CastleManorManager	Initializing CastleManorManager
2017.12.22 10:02:52,807	INFO	1	ct25.xtreme.gameserver.instancemanager.CastleManorManager	Manor System: Manor refresh updated
2017.12.22 10:02:52,815	INFO	1	ct25.xtreme.gameserver.instancemanager.CastleManorManager	Manor System: New Schedule for manor refresh @ Fri Dec 22 20:00:52 BRST 2017
2017.12.22 10:02:52,835	INFO	1	ct25.xtreme.gameserver.instancemanager.CastleManorManager	Manor System: Manor period approve updated
2017.12.22 10:02:52,846	INFO	1	ct25.xtreme.gameserver.instancemanager.CastleManorManager	Manor System: New Schedule for period approve @ Sat Dec 23 06:00:00 BRST 2017
2017.12.22 10:02:52,848	INFO	1	ct25.xtreme.gameserver.instancemanager.MercTicketManager	Initializing MercTicketManager
2017.12.22 10:02:52,919	INFO	1	ct25.xtreme.gameserver.instancemanager.MercTicketManager	Loaded: 0 Mercenary Tickets
2017.12.22 10:02:52,960	INFO	1	ct25.xtreme.gameserver.model.L2Manor	L2Manor: Loaded 258 Seeds.
2017.12.22 10:02:52,974	INFO	1	ct25.xtreme.gameserver.GameServer	-----------------------------------------------------------------=[ Olympiad ]
2017.12.22 10:02:53,019	INFO	1	ct25.xtreme.gameserver.model.olympiad.Olympiad	Olympiad System: Loading Olympiad System....
2017.12.22 10:02:53,022	INFO	1	ct25.xtreme.gameserver.model.olympiad.Olympiad	Olympiad System: Currently in Olympiad Period
2017.12.22 10:02:53,028	INFO	1	ct25.xtreme.gameserver.model.olympiad.Olympiad	Olympiad System: 14517 minutes until period ends
2017.12.22 10:02:53,028	INFO	1	ct25.xtreme.gameserver.model.olympiad.Olympiad	Olympiad System: Next weekly change is in 7341 minutes
2017.12.22 10:02:53,030	INFO	1	ct25.xtreme.gameserver.model.olympiad.Olympiad	Olympiad System: Loaded 0 Nobles
2017.12.22 10:02:53,052	INFO	1	ct25.xtreme.gameserver.model.olympiad.Olympiad	Olympiad System: Competition Period Starts in 0 days, 7 hours and 57 mins.
2017.12.22 10:02:53,054	INFO	1	ct25.xtreme.gameserver.model.olympiad.Olympiad	Olympiad System: Event starts/started : Fri Dec 22 18:00:53 BRST 2017
2017.12.22 10:02:53,077	INFO	1	ct25.xtreme.gameserver.model.entity.Hero	Hero System: Loaded 0 Heroes.
2017.12.22 10:02:53,079	INFO	1	ct25.xtreme.gameserver.model.entity.Hero	Hero System: Loaded 0 all time Heroes.
2017.12.22 10:02:53,080	INFO	1	ct25.xtreme.gameserver.GameServer	--------------------------------------------------------------------=[ Cache ]
2017.12.22 10:02:53,085	INFO	1	ct25.xtreme.gameserver.cache.HtmCache	Cache[HTML]: Running lazy cache
2017.12.22 10:02:53,107	INFO	1	ct25.xtreme.gameserver.cache.CrestCache	Cache[Crest]: 0,000MB on 0 files loaded. (Forget Time: 300s , Capacity: 50)
2017.12.22 10:02:53,153	INFO	1	ct25.xtreme.gameserver.datatables.TeleportLocationTable	TeleportLocationTable: Loaded 950 Teleport Location Templates.
2017.12.22 10:02:53,341	INFO	1	ct25.xtreme.gameserver.datatables.UIData	UIData: Loaded 4 keys 5 categories.
2017.12.22 10:02:53,410	INFO	1	ct25.xtreme.gameserver.instancemanager.PetitionManager	Initializing PetitionManager
2017.12.22 10:02:53,489	INFO	1	ct25.xtreme.gameserver.datatables.HennaTable	HennaTable: Loaded 180 Templates.
2017.12.22 10:02:53,621	INFO	1	ct25.xtreme.gameserver.datatables.HennaTreeTable	HennaTreeTable: Loaded 8136 Henna Tree Templates.
2017.12.22 10:02:53,647	INFO	1	ct25.xtreme.gameserver.datatables.HennaTable	Helper Buff Table: Loaded 17 Templates.
2017.12.22 10:02:53,668	INFO	1	ct25.xtreme.gameserver.datatables.AugmentationData	Initializing AugmentationData.
2017.12.22 10:02:53,801	INFO	1	ct25.xtreme.gameserver.datatables.AugmentationData	AugmentationData: Loaded: 52 augmentation stats.
2017.12.22 10:02:53,803	INFO	1	ct25.xtreme.gameserver.datatables.AugmentationData	AugmentationData: Loaded: 24 accessory augmentation stats.
2017.12.22 10:02:53,804	INFO	1	ct25.xtreme.gameserver.datatables.AugmentationData	AugmentationData: Loaded: 17 blue, 107 purple and 54 red skills for lifeStoneLevel 0
2017.12.22 10:02:53,805	INFO	1	ct25.xtreme.gameserver.datatables.AugmentationData	AugmentationData: Loaded: 17 blue, 107 purple and 54 red skills for lifeStoneLevel 1
2017.12.22 10:02:53,806	INFO	1	ct25.xtreme.gameserver.datatables.AugmentationData	AugmentationData: Loaded: 17 blue, 107 purple and 54 red skills for lifeStoneLevel 2
2017.12.22 10:02:53,807	INFO	1	ct25.xtreme.gameserver.datatables.AugmentationData	AugmentationData: Loaded: 17 blue, 107 purple and 54 red skills for lifeStoneLevel 3
2017.12.22 10:02:53,808	INFO	1	ct25.xtreme.gameserver.datatables.AugmentationData	AugmentationData: Loaded: 17 blue, 107 purple and 54 red skills for lifeStoneLevel 4
2017.12.22 10:02:53,811	INFO	1	ct25.xtreme.gameserver.datatables.AugmentationData	AugmentationData: Loaded: 17 blue, 107 purple and 54 red skills for lifeStoneLevel 5
2017.12.22 10:02:53,812	INFO	1	ct25.xtreme.gameserver.datatables.AugmentationData	AugmentationData: Loaded: 17 blue, 107 purple and 54 red skills for lifeStoneLevel 6
2017.12.22 10:02:53,813	INFO	1	ct25.xtreme.gameserver.datatables.AugmentationData	AugmentationData: Loaded: 17 blue, 107 purple and 54 red skills for lifeStoneLevel 7
2017.12.22 10:02:53,813	INFO	1	ct25.xtreme.gameserver.datatables.AugmentationData	AugmentationData: Loaded: 17 blue, 107 purple and 54 red skills for lifeStoneLevel 8
2017.12.22 10:02:53,814	INFO	1	ct25.xtreme.gameserver.datatables.AugmentationData	AugmentationData: Loaded: 17 blue, 107 purple and 54 red skills for lifeStoneLevel 9
2017.12.22 10:02:53,820	INFO	1	ct25.xtreme.gameserver.instancemanager.CursedWeaponsManager	Initializing CursedWeaponsManager
2017.12.22 10:02:53,966	INFO	1	ct25.xtreme.gameserver.instancemanager.CursedWeaponsManager	Loaded : 2 cursed weapon(s).
2017.12.22 10:02:53,968	INFO	1	ct25.xtreme.gameserver.GameServer	------------------------------------------------------------=[ Scheme Buffer ]
2017.12.22 10:02:53,978	INFO	1	ct25.xtreme.gameserver.datatables.ModsBufferSkillTable	ModsBufferSkill System: Initializing...
2017.12.22 10:02:53,991	INFO	1	ct25.xtreme.gameserver.datatables.ModsBufferSkillTable	ModsBufferSkill: Loaded 11 group(s) with a total of 149 skills.
2017.12.22 10:02:54,049	INFO	1	ct25.xtreme.gameserver.datatables.ModsBufferSchemeTable	ModsBufferScheme System: Initializing...
2017.12.22 10:02:54,160	WARNING	1	ct25.xtreme.gameserver.datatables.ModsBufferSchemeTable	ModsBufferScheme: Could not load Player: 
2017.12.22 10:02:54,298	INFO	1	ct25.xtreme.gameserver.datatables.ModsBufferSchemeTable	ModsBufferScheme: Loaded 0 Scheme(s).
2017.12.22 10:02:54,299	INFO	1	ct25.xtreme.gameserver.datatables.ModsBufferSchemeTable	ModsBufferScheme: Loaded 0 Content(s).
2017.12.22 10:02:54,300	INFO	1	ct25.xtreme.gameserver.GameServer	------------------------------------------------------------------=[ Scripts ]
2017.12.22 10:02:54,364	INFO	1	ct25.xtreme.gameserver.instancemanager.AirShipManager	AirShipManager: Loaded 0 private airships
2017.12.22 10:02:54,384	INFO	1	ct25.xtreme.gameserver.instancemanager.GraciaSeedsManager	GraciaSeedsManager: Initializing
2017.12.22 10:02:54,392	INFO	1	ct25.xtreme.gameserver.instancemanager.GraciaSeedsManager	GraciaSeedsManager: Seed Of Destruction stage = 1
2017.12.22 10:02:54,403	INFO	1	ct25.xtreme.gameserver.instancemanager.GraciaSeedsManager	GraciaSeedsManager: Seed Of Infinity stage = 1
2017.12.22 10:02:54,502	INFO	1	ct25.xtreme.gameserver.GameServer	Loading Server Scripts
2017.12.22 10:04:08,604	INFO	1	ai.zones.ForgeOfTheGods.TarBeetleSpawn	TarBeetleSpawn: Loaded 55 spawn zones.
2017.12.22 10:04:13,531	INFO	1	ct25.xtreme.gameserver.model.quest.Quest	SelMahumChefs: Loaded 11 chef groups.
2017.12.22 10:04:14,972	INFO	1	ai.zones.SelMahum.SelMahumTrainingGrounds	SelMahumTrainingGrounds: Loaded 31 training camps.
2017.12.22 10:04:39,613	WARNING	1	ct25.xtreme.gameserver.scripting.L2ScriptEngineManager	Failed executing script: C:\Users\Rener\git\RenerFreya\CT25-DataPack\build\CT25-DataPack1\game\data\scripts\handlers\MasterHandler.java. See MasterHandler.java.error.log for details.
2017.12.22 10:04:41,028	INFO	1	ct25.xtreme.gameserver.model.quest.Quest	HellboundEngine: Loaded: 47 trust point reward data
2017.12.22 10:04:41,104	INFO	1	ct25.xtreme.gameserver.model.quest.Quest	HellboundEngine: Mode: levels 0-3
2017.12.22 10:04:41,160	INFO	1	ct25.xtreme.gameserver.model.quest.Quest	HellboundEngine: Level: 0
2017.12.22 10:04:41,185	INFO	1	ct25.xtreme.gameserver.model.quest.Quest	HellboundEngine: Trust: 0
2017.12.22 10:04:41,247	INFO	1	ct25.xtreme.gameserver.model.quest.Quest	HellboundEngine: State: locked
2017.12.22 10:05:19,854	INFO	1	ct25.xtreme.gameserver.model.quest.Quest	Next TerritoryWarTime: Sat Dec 16 20:00:00 BRST 2017
2017.12.22 10:06:10,977	INFO	1	ct25.xtreme.gameserver.model.quest.Quest	[EnhanceYourWeapon] Loaded 54 Soul Crystal data.
2017.12.22 10:06:10,977	INFO	1	ct25.xtreme.gameserver.model.quest.Quest	[EnhanceYourWeapon] Loaded 240 npc Leveling info data.
2017.12.22 10:07:09,446	INFO	1	ct25.xtreme.gameserver.GameServer	Compiled Scripts Cache is disabled.
2017.12.22 10:07:09,447	INFO	1	ct25.xtreme.gameserver.instancemanager.QuestManager	Loaded: 723 quests
2017.12.22 10:07:09,448	INFO	1	ct25.xtreme.gameserver.instancemanager.TransformationManager	Loaded: 105 transformations.
2017.12.22 10:07:09,450	INFO	1	ct25.xtreme.gameserver.ItemsAutoDestroy	Initializing ItemsAutoDestroy.
2017.12.22 10:07:09,754	INFO	1	ct25.xtreme.gameserver.SevenSignsFestival	SevenSignsFestival: The first Festival of Darkness cycle begins in 2 minute(s).
2017.12.22 10:07:09,782	INFO	1	ct25.xtreme.gameserver.GameServer	AutoChatHandler: Loaded 32 handlers in total.
2017.12.22 10:07:09,783	INFO	1	ct25.xtreme.gameserver.GameServer	AutoSpawnHandler: Loaded 131 handlers in total.
2017.12.22 10:07:09,880	INFO	1	ct25.xtreme.gameserver.instancemanager.MailManager	Mail Manager: Successfully loaded 0 messages.
2017.12.22 10:07:09,882	INFO	1	ct25.xtreme.gameserver.GameServer	IdFactory: Free ObjectID's remaining: 1879000117
2017.12.22 10:07:09,884	INFO	1	ct25.xtreme.gameserver.model.entity.TvTManager	TvTEventEngine[TvTManager.TvTManager()]: Engine is disabled.
2017.12.22 10:07:09,886	INFO	1	ct25.xtreme.gameserver.model.entity.event.DMManager	DMEventEngine[DMManager.DMManager()]: Engine is disabled.
2017.12.22 10:07:09,887	INFO	1	ct25.xtreme.gameserver.model.entity.event.LMManager	LMEventEngine[LMManager.LMManager()]: Engine is disabled.
2017.12.22 10:07:09,979	INFO	1	ct25.xtreme.gameserver.instancemanager.UndergroundColiseumManager	UndergroundColiseumManager: loaded 5 coliseum arenas
2017.12.22 10:07:12,546	INFO	1	ct25.xtreme.gameserver.GameServer	GameServer Started, free memory 1674 Mb of 2026 Mb
2017.12.22 10:07:12,608	INFO	772	ct25.xtreme.gameserver.LoginServerThread	Connecting to login on 127.0.0.1:9014
2017.12.22 10:07:12,656	INFO	1	ct25.xtreme.gameserver.network.communityserver.CommunityServerThread	CommunityServerThread: Deactivated by config.
2017.12.22 10:07:12,974	INFO	1	ct25.xtreme.gameserver.GameServer	Maximum Numbers of Connected Players: 100
2017.12.22 10:07:12,975	INFO	1	ct25.xtreme.gameserver.GameServer	Server Loaded in 335 seconds
2017.12.22 10:07:13,002	INFO	1	ct25.xtreme.gameserver.taskmanager.AutoAnnounceTaskManager	AutoAnnoucements: Loaded 0 Auto Annoucement Data.
2017.12.22 10:07:13,002	INFO	1	ct25.xtreme.gameserver.GameServer	Telnet server is currently disabled.
2017.12.22 10:07:13,643	WARNING	772	ct25.xtreme.gameserver.LoginServerThread	Disconnected from Login, Trying to reconnect: Connection refused: connect
2017.12.22 10:07:18,677	INFO	772	ct25.xtreme.gameserver.LoginServerThread	Connecting to login on 127.0.0.1:9014
2017.12.22 10:07:19,679	WARNING	772	ct25.xtreme.gameserver.LoginServerThread	Disconnected from Login, Trying to reconnect: Connection refused: connect
2017.12.22 10:07:24,683	INFO	772	ct25.xtreme.gameserver.LoginServerThread	Connecting to login on 127.0.0.1:9014
2017.12.22 10:07:25,689	WARNING	772	ct25.xtreme.gameserver.LoginServerThread	Disconnected from Login, Trying to reconnect: Connection refused: connect
2017.12.22 10:07:30,691	INFO	772	ct25.xtreme.gameserver.LoginServerThread	Connecting to login on 127.0.0.1:9014
2017.12.22 10:07:31,693	WARNING	772	ct25.xtreme.gameserver.LoginServerThread	Disconnected from Login, Trying to reconnect: Connection refused: connect
2017.12.22 10:07:36,706	INFO	772	ct25.xtreme.gameserver.LoginServerThread	Connecting to login on 127.0.0.1:9014
2017.12.22 10:07:37,706	WARNING	772	ct25.xtreme.gameserver.LoginServerThread	Disconnected from Login, Trying to reconnect: Connection refused: connect
2017.12.22 10:07:42,708	INFO	772	ct25.xtreme.gameserver.LoginServerThread	Connecting to login on 127.0.0.1:9014
2017.12.22 10:07:43,718	WARNING	772	ct25.xtreme.gameserver.LoginServerThread	Disconnected from Login, Trying to reconnect: Connection refused: connect
2017.12.22 10:07:48,719	INFO	772	ct25.xtreme.gameserver.LoginServerThread	Connecting to login on 127.0.0.1:9014
2017.12.22 10:07:49,720	WARNING	772	ct25.xtreme.gameserver.LoginServerThread	Disconnected from Login, Trying to reconnect: Connection refused: connect
2017.12.22 10:07:54,728	INFO	772	ct25.xtreme.gameserver.LoginServerThread	Connecting to login on 127.0.0.1:9014
2017.12.22 10:07:55,729	WARNING	772	ct25.xtreme.gameserver.LoginServerThread	Disconnected from Login, Trying to reconnect: Connection refused: connect
2017.12.22 10:08:00,738	INFO	772	ct25.xtreme.gameserver.LoginServerThread	Connecting to login on 127.0.0.1:9014
2017.12.22 10:08:01,742	WARNING	772	ct25.xtreme.gameserver.LoginServerThread	Disconnected from Login, Trying to reconnect: Connection refused: connect
2017.12.22 10:08:06,743	INFO	772	ct25.xtreme.gameserver.LoginServerThread	Connecting to login on 127.0.0.1:9014
2017.12.22 10:08:07,742	WARNING	772	ct25.xtreme.gameserver.LoginServerThread	Disconnected from Login, Trying to reconnect: Connection refused: connect
2017.12.22 10:08:12,744	INFO	772	ct25.xtreme.gameserver.LoginServerThread	Connecting to login on 127.0.0.1:9014
2017.12.22 10:08:13,744	WARNING	772	ct25.xtreme.gameserver.LoginServerThread	Disconnected from Login, Trying to reconnect: Connection refused: connect
2017.12.22 10:08:18,746	INFO	772	ct25.xtreme.gameserver.LoginServerThread	Connecting to login on 127.0.0.1:9014
2017.12.22 10:08:19,749	WARNING	772	ct25.xtreme.gameserver.LoginServerThread	Disconnected from Login, Trying to reconnect: Connection refused: connect
2017.12.22 10:08:24,776	INFO	772	ct25.xtreme.gameserver.LoginServerThread	Connecting to login on 127.0.0.1:9014
2017.12.22 10:08:25,776	WARNING	772	ct25.xtreme.gameserver.LoginServerThread	Disconnected from Login, Trying to reconnect: Connection refused: connect
2017.12.22 10:08:30,789	INFO	772	ct25.xtreme.gameserver.LoginServerThread	Connecting to login on 127.0.0.1:9014
2017.12.22 10:08:31,790	WARNING	772	ct25.xtreme.gameserver.LoginServerThread	Disconnected from Login, Trying to reconnect: Connection refused: connect
2017.12.22 10:08:36,800	INFO	772	ct25.xtreme.gameserver.LoginServerThread	Connecting to login on 127.0.0.1:9014
2017.12.22 10:08:37,801	WARNING	772	ct25.xtreme.gameserver.LoginServerThread	Disconnected from Login, Trying to reconnect: Connection refused: connect
2017.12.22 10:08:42,807	INFO	772	ct25.xtreme.gameserver.LoginServerThread	Connecting to login on 127.0.0.1:9014
2017.12.22 10:08:43,807	WARNING	772	ct25.xtreme.gameserver.LoginServerThread	Disconnected from Login, Trying to reconnect: Connection refused: connect
2017.12.22 10:08:48,809	INFO	772	ct25.xtreme.gameserver.LoginServerThread	Connecting to login on 127.0.0.1:9014
2017.12.22 10:08:49,820	WARNING	772	ct25.xtreme.gameserver.LoginServerThread	Disconnected from Login, Trying to reconnect: Connection refused: connect
2017.12.22 10:08:54,826	INFO	772	ct25.xtreme.gameserver.LoginServerThread	Connecting to login on 127.0.0.1:9014
2017.12.22 10:08:55,840	WARNING	772	ct25.xtreme.gameserver.LoginServerThread	Disconnected from Login, Trying to reconnect: Connection refused: connect
