2017.12.22 09:47:07,006	INFO	1	ct25.xtreme.Config	Loading GameServer Configuration Files...
2017.12.22 09:47:07,133	INFO	1	ct25.xtreme.util.L2Properties	L2Properties: Missing property for key - DatapackRoot
2017.12.22 09:47:07,133	INFO	1	ct25.xtreme.Config$IPConfigData	Network Config: ipconfig.xml exists using manual configuration...
2017.12.22 09:47:07,370	INFO	1	ct25.xtreme.Config	Loaded 6 Filter Words.
2017.12.22 09:47:07,370	INFO	1	ct25.xtreme.gameserver.GameServer	-----------------------------------------------------------------=[ Database ]
2017.12.22 09:47:07,432	INFO	10	com.mchange.v2.log.MLog	MLog clients using java 1.4+ standard logging.
2017.12.22 09:47:07,713	INFO	1	com.mchange.v2.c3p0.C3P0Registry	Initializing c3p0-0.9.5-pre8 [built 04-April-2014 04:20:15 -0700; debug? true; trace: 10]
2017.12.22 09:47:07,885	INFO	1	com.mchange.v2.c3p0.impl.AbstractPoolBackedDataSource	Initializing c3p0 pool... com.mchange.v2.c3p0.ComboPooledDataSource [ acquireIncrement -> 5, acquireRetryAttempts -> 0, acquireRetryDelay -> 500, autoCommitOnClose -> true, automaticTestTable -> connection_test_table, breakAfterAcquireFailure -> false, checkoutTimeout -> 0, connectionCustomizerClassName -> null, connectionTesterClassName -> com.mchange.v2.c3p0.impl.DefaultConnectionTester, contextClassLoaderSource -> caller, dataSourceName -> 1hge13z9syz27au1yzv19i|66133adc, debugUnreturnedConnectionStackTraces -> false, description -> null, driverClass -> com.mysql.jdbc.Driver, extensions -> {}, factoryClassLocation -> null, forceIgnoreUnresolvedTransactions -> false, forceUseNamedDriverClass -> false, identityToken -> 1hge13z9syz27au1yzv19i|66133adc, idleConnectionTestPeriod -> 3600, initialPoolSize -> 10, jdbcUrl -> jdbc:mysql://localhost/iphone, maxAdministrativeTaskTime -> 0, maxConnectionAge -> 0, maxIdleTime -> 0, maxIdleTimeExcessConnections -> 0, maxPoolSize -> 100, maxStatements -> 0, maxStatementsPerConnection -> 100, minPoolSize -> 10, numHelperThreads -> 3, preferredTestQuery -> null, privilegeSpawnedThreads -> false, properties -> {user=******, password=******}, propertyCycle -> 0, statementCacheNumDeferredCloseThreads -> 0, testConnectionOnCheckin -> false, testConnectionOnCheckout -> false, unreturnedConnectionTimeout -> 0, userOverrides -> {}, usesTraditionalReflectiveProxies -> false ]
2017.12.22 09:47:08,382	INFO	1	ct25.xtreme.gameserver.GameServer	Freya Server Version:    ${br.version}
2017.12.22 09:47:08,397	INFO	1	ct25.xtreme.gameserver.GameServer	Freya Datapack Version:  ${br.version}
2017.12.22 09:47:08,502	INFO	1	ct25.xtreme.gameserver.idfactory.IdFactory	Updated characters online status.
2017.12.22 09:47:08,573	INFO	1	ct25.xtreme.gameserver.idfactory.IdFactory	Cleaned 0 expired timestamps from database.
2017.12.22 09:47:08,573	INFO	1	ct25.xtreme.gameserver.idfactory.BitSetIDFactory	IDFactory: 102912 id's available.
2017.12.22 09:47:08,588	INFO	1	ct25.xtreme.gameserver.GameServer	------------------------------------------------------------------=[ Engines ]
2017.12.22 09:47:08,604	INFO	1	ct25.xtreme.gameserver.scripting.L2ScriptEngineManager	Initializing Script Engine Manager
2017.12.22 09:47:08,604	INFO	1	ct25.xtreme.gameserver.scripting.L2ScriptEngineManager	Script Engine: java 1.8 - Language: java - Language Version: 1.8
2017.12.22 09:47:09,122	INFO	1	ct25.xtreme.gameserver.scripting.L2ScriptEngineManager	Script Engine: jython 2.2.1 - Language: python - Language Version: 2.2.1
2017.12.22 09:47:09,956	INFO	1	ct25.xtreme.gameserver.scripting.L2ScriptEngineManager	Script Engine: Oracle Nashorn 1.8.0_152 - Language: ECMAScript - Language Version: ECMA - 262 Edition 5.1
2017.12.22 09:47:10,090	INFO	1	ct25.xtreme.gameserver.GameServer	--------------------------------------------------------------------=[ World ]
2017.12.22 09:47:10,103	INFO	1	ct25.xtreme.gameserver.instancemanager.InstanceManager	Initializing InstanceManager
2017.12.22 09:47:10,119	INFO	1	ct25.xtreme.gameserver.instancemanager.InstanceManager	Loaded 146 instance names
2017.12.22 09:47:10,151	INFO	1	ct25.xtreme.gameserver.instancemanager.InstanceManager	Multiverse Instance created
2017.12.22 09:47:10,154	INFO	1	ct25.xtreme.gameserver.instancemanager.InstanceManager	Universe Instance created
2017.12.22 09:47:10,196	INFO	1	ct25.xtreme.gameserver.model.L2World	L2World: (128 by 136) World Region Grid set up.
2017.12.22 09:47:10,248	INFO	1	ct25.xtreme.gameserver.instancemanager.GlobalVariablesManager	GlobalVariablesManager: Loaded 11 variables.
2017.12.22 09:47:10,248	INFO	1	ct25.xtreme.gameserver.GameServer	-------------------------------------------------------------------=[ Skills ]
2017.12.22 09:47:10,288	INFO	1	ct25.xtreme.gameserver.datatables.EnchantGroupsTable	EnchantGroupsTable: Loaded 5 groups.
2017.12.22 09:47:17,536	INFO	1	ct25.xtreme.gameserver.datatables.SkillTreesData	SkillTreesData: Loaded 16690  Class Skills for 103 Class Skill Trees.
2017.12.22 09:47:17,549	INFO	1	ct25.xtreme.gameserver.datatables.SkillTreesData	SkillTreesData: Loaded 76 Sub-Class Skills.
2017.12.22 09:47:17,550	INFO	1	ct25.xtreme.gameserver.datatables.SkillTreesData	SkillTreesData: Loaded 77 Transfer Skills for 3 Transfer Skill Trees.
2017.12.22 09:47:17,552	INFO	1	ct25.xtreme.gameserver.datatables.SkillTreesData	SkillTreesData: Loaded 117 Fishing Skills, 0 Dwarven only Fishing Skills.
2017.12.22 09:47:17,561	INFO	1	ct25.xtreme.gameserver.datatables.SkillTreesData	SkillTreesData: Loaded 3 Collect Skills.
2017.12.22 09:47:17,563	INFO	1	ct25.xtreme.gameserver.datatables.SkillTreesData	SkillTreesData: Loaded 74 Pledge Skills, 44 for Pledge and 30 Residential.
2017.12.22 09:47:17,567	INFO	1	ct25.xtreme.gameserver.datatables.SkillTreesData	SkillTreesData: Loaded 18 Sub-Pledge Skills.
2017.12.22 09:47:17,569	INFO	1	ct25.xtreme.gameserver.datatables.SkillTreesData	SkillTreesData: Loaded 32 Transform Skills.
2017.12.22 09:47:18,408	INFO	1	ct25.xtreme.gameserver.datatables.SummonSkillsTable	PetSkillsTable: Loaded 1815 skills.
2017.12.22 09:47:18,416	INFO	1	ct25.xtreme.gameserver.GameServer	--------------------------------------------------------------------=[ Items ]
2017.12.22 09:47:21,296	INFO	1	ct25.xtreme.gameserver.datatables.ItemTable	Highest item id used:22172
2017.12.22 09:47:21,457	INFO	1	ct25.xtreme.gameserver.datatables.SummonItemsData	SummonItemsData: Loaded 53 summon items templates.
2017.12.22 09:47:21,504	INFO	1	ct25.xtreme.gameserver.datatables.EnchantHPBonusData	Enchant HP Bonus registered for 1892 items!
2017.12.22 09:47:21,544	INFO	1	ct25.xtreme.gameserver.datatables.MerchantPriceConfigTable	MerchantPriceConfigTable: Loaded 28 merchant price configs.
2017.12.22 09:47:23,166	INFO	1	ct25.xtreme.gameserver.TradeController	TradeController: Loaded 680 Buylists.
2017.12.22 09:47:23,846	INFO	1	ct25.xtreme.gameserver.datatables.MultiSell	MultiSell: Loaded 197 lists.
2017.12.22 09:47:23,966	INFO	1	ct25.xtreme.gameserver.RecipeController	RecipeController: Loaded 1000 recipes.
2017.12.22 09:47:23,994	INFO	1	ct25.xtreme.gameserver.datatables.ArmorSetsTable	ArmorSetsTable: Loaded 198 armor sets.
2017.12.22 09:47:24,024	INFO	1	ct25.xtreme.gameserver.datatables.FishTable	FishTable: Loaded 270 Fishes.
2017.12.22 09:47:24,026	INFO	1	ct25.xtreme.gameserver.GameServer	---------------------------------------------------------------=[ Characters ]
2017.12.22 09:47:24,099	INFO	1	ct25.xtreme.gameserver.datatables.CharTemplateTable	CharTemplateTable: Loaded 103 Character Templates.
2017.12.22 09:47:24,162	INFO	1	ct25.xtreme.gameserver.datatables.CharNameTable	CharNameTable: Loaded 3 char names.
2017.12.22 09:47:24,173	INFO	1	ct25.xtreme.gameserver.datatables.LevelUpData	LevelUpData: Loaded 103 Character Level Up Templates.
2017.12.22 09:47:24,188	INFO	1	ct25.xtreme.gameserver.datatables.AccessLevels	AccessLevels: Loaded 7 from database.
2017.12.22 09:47:24,310	INFO	1	ct25.xtreme.gameserver.datatables.AdminCommandAccessRights	AdminCommandAccessRights: Loaded 478 from database.
2017.12.22 09:47:24,341	INFO	1	ct25.xtreme.gameserver.instancemanager.RaidBossPointsManager	RaidBossPointsManager: Loaded 1 Characters Raid Points.
2017.12.22 09:47:24,658	INFO	1	ct25.xtreme.gameserver.model.actor.instance.L2PetInstance	PetDataTable: Loaded 49 Pets.
2017.12.22 09:47:24,779	INFO	1	ct25.xtreme.gameserver.GameServer	--------------------------------------------------------------------=[ Clans ]
2017.12.22 09:47:25,733	INFO	1	ct25.xtreme.gameserver.communitybbs.Manager.ForumsBBSManager	Loaded 4 forums. Last forum id used: 4
2017.12.22 09:47:25,748	INFO	1	ct25.xtreme.gameserver.datatables.ClanTable	Restored 0 clans from the database.
2017.12.22 09:47:25,759	INFO	1	ct25.xtreme.gameserver.instancemanager.ClanHallManager	Initializing ClanHallManager
2017.12.22 09:47:25,775	INFO	1	ct25.xtreme.gameserver.instancemanager.AuctionManager	Initializing AuctionManager
2017.12.22 09:47:25,971	INFO	1	ct25.xtreme.gameserver.instancemanager.AuctionManager	Loaded: 38 auction(s)
2017.12.22 09:47:26,002	INFO	1	ct25.xtreme.gameserver.instancemanager.ClanHallManager	Loaded: 0 clan halls
2017.12.22 09:47:26,009	INFO	1	ct25.xtreme.gameserver.instancemanager.ClanHallManager	Loaded: 44 free clan halls
2017.12.22 09:47:26,010	INFO	1	ct25.xtreme.gameserver.GameServer	------------------------------------------------------------------=[ Geodata ]
2017.12.22 09:47:26,040	INFO	1	ct25.xtreme.gameserver.GeoData	Geodata Engine: Disabled.
2017.12.22 09:47:26,042	INFO	1	ct25.xtreme.gameserver.GameServer	---------------------------------------------------------------------=[ NPCs ]
2017.12.22 09:47:26,680	INFO	1	ct25.xtreme.gameserver.datatables.NpcTable	NpcTable: (Re)Loaded 10088 NPC template(s).
2017.12.22 09:47:27,847	INFO	1	ct25.xtreme.gameserver.datatables.NpcTable	NpcTable: Loaded 517 Minions.
2017.12.22 09:47:28,509	INFO	1	ct25.xtreme.gameserver.datatables.NpcTable	NPC AI Data Table: Loaded 10088 AI Data.
2017.12.22 09:47:28,632	INFO	1	ct25.xtreme.gameserver.datatables.NpcTable	NPC Elementals Data Table: Loaded 10088 elementals Data.
2017.12.22 09:47:28,637	INFO	1	ct25.xtreme.gameserver.datatables.SpawnTable	Initializing Walkers Routes Table.
2017.12.22 09:47:28,775	INFO	1	ct25.xtreme.gameserver.datatables.SpawnTable	WalkerRoutesTable: Loaded 34 Npc Walker Routes.
2017.12.22 09:47:28,795	INFO	1	ct25.xtreme.gameserver.instancemanager.WalkingManager	WalkingManager: Loading walking routes...
2017.12.22 09:47:28,929	INFO	1	ct25.xtreme.gameserver.instancemanager.WalkingManager	WalkingManager: loaded 10 walking routes.
2017.12.22 09:47:28,975	INFO	1	ct25.xtreme.gameserver.instancemanager.ZoneManager	Loading zones...
2017.12.22 09:47:29,498	INFO	1	ct25.xtreme.gameserver.model.zone.L2ZoneType	L2CustomPvP: Unknown parameter - townId in zone: 5555
2017.12.22 09:47:32,354	INFO	1	ct25.xtreme.gameserver.instancemanager.GrandBossManager	Initializing GrandBossManager
2017.12.22 09:47:32,366	INFO	1	ct25.xtreme.gameserver.instancemanager.GrandBossManager	GrandBossManager: Queen Ant(29001) status is 0.
2017.12.22 09:47:32,370	INFO	1	ct25.xtreme.gameserver.instancemanager.GrandBossManager	GrandBossManager: Core(29006) status is 0.
2017.12.22 09:47:32,374	INFO	1	ct25.xtreme.gameserver.instancemanager.GrandBossManager	GrandBossManager: Orfen(29014) status is 0.
2017.12.22 09:47:32,380	INFO	1	ct25.xtreme.gameserver.instancemanager.GrandBossManager	GrandBossManager: Antharas(29019) status is 0.
2017.12.22 09:47:32,385	INFO	1	ct25.xtreme.gameserver.instancemanager.GrandBossManager	GrandBossManager: Baium(29020) status is 2.
2017.12.22 09:47:32,406	INFO	1	ct25.xtreme.gameserver.instancemanager.GrandBossManager	GrandBossManager: Next spawn date of Baium is Thu Dec 28 04:04:14 BRST 2017.
2017.12.22 09:47:32,406	INFO	1	ct25.xtreme.gameserver.instancemanager.GrandBossManager	GrandBossManager: Valakas(29028) status is 0.
2017.12.22 09:47:32,407	INFO	1	ct25.xtreme.gameserver.instancemanager.GrandBossManager	GrandBossManager: Antharas(29066) status is 0.
2017.12.22 09:47:32,408	INFO	1	ct25.xtreme.gameserver.instancemanager.GrandBossManager	GrandBossManager: Antharas(29067) status is 0.
2017.12.22 09:47:32,408	INFO	1	ct25.xtreme.gameserver.instancemanager.GrandBossManager	GrandBossManager: Antharas(29068) status is 0.
2017.12.22 09:47:32,409	INFO	1	ct25.xtreme.gameserver.instancemanager.GrandBossManager	GrandBossManager: Beleth(29118) status is 0.
2017.12.22 09:47:32,410	INFO	1	ct25.xtreme.gameserver.instancemanager.GrandBossManager	GrandBossManager: Loaded 10 Instances
2017.12.22 09:47:33,836	CONFIG	1	ct25.xtreme.gameserver.instancemanager.ZoneManager	Caution: Zone (40001) from file: custom_town_zones.xml overrides previos definition.
2017.12.22 09:47:51,005	INFO	1	ct25.xtreme.gameserver.instancemanager.ZoneManager	Done: loaded 26 zone classes and 2491 zones.
2017.12.22 09:47:51,020	INFO	1	ct25.xtreme.gameserver.datatables.DoorTable	Searching clan halls doors:
2017.12.22 09:47:51,391	INFO	1	ct25.xtreme.gameserver.datatables.DoorTable	DoorTable: Loaded 977 Door Templates for 19 regions.
2017.12.22 09:47:51,603	INFO	1	ct25.xtreme.gameserver.datatables.StaticObjects	StaticObjects: Loaded 51 static object templates.
2017.12.22 09:47:51,612	INFO	1	ct25.xtreme.gameserver.instancemanager.ItemAuctionManager	ItemAuctionManager: Disabled by config.
2017.12.22 09:47:51,620	INFO	1	ct25.xtreme.gameserver.instancemanager.CastleManager	Initializing CastleManager
2017.12.22 09:47:52,407	INFO	1	ct25.xtreme.gameserver.instancemanager.CastleManager	Loaded: 9 castles
2017.12.22 09:47:52,421	INFO	1	ct25.xtreme.gameserver.instancemanager.FortManager	Initializing FortManager
2017.12.22 09:47:56,363	INFO	1	ct25.xtreme.gameserver.datatables.SpawnTable	SpawnTable: Loaded 3506 Npc Spawn Locations.
2017.12.22 09:47:56,842	INFO	1	ct25.xtreme.gameserver.instancemanager.FortManager	Loaded: 21 fortress
2017.12.22 09:47:56,932	INFO	1	ct25.xtreme.gameserver.instancemanager.FortSiegeManager	Initializing FortSiegeManager
2017.12.22 09:48:00,327	INFO	1	ct25.xtreme.gameserver.datatables.NpcBufferTable	NpcBufferSkillIdsTable: Loaded 1 buffers and 10 skills.
2017.12.22 09:48:00,358	INFO	1	ct25.xtreme.gameserver.instancemanager.HellboundManager	HellboundManager: Loaded 582 npc spawn locations.
2017.12.22 09:48:00,432	INFO	1	ct25.xtreme.gameserver.instancemanager.RaidBossSpawnManager	RaidBossSpawnManager: Loaded 188 Instances
2017.12.22 09:48:00,434	INFO	1	ct25.xtreme.gameserver.instancemanager.RaidBossSpawnManager	RaidBossSpawnManager: Scheduled 0 Instances
2017.12.22 09:48:00,435	INFO	1	ct25.xtreme.gameserver.instancemanager.DayNightSpawnManager	DayNightSpawnManager: Removed 0 night creatures
2017.12.22 09:48:00,443	INFO	1	ct25.xtreme.gameserver.instancemanager.DayNightSpawnManager	DayNightSpawnManager: Spawned 232 day creatures
2017.12.22 09:48:00,447	INFO	1	ct25.xtreme.gameserver.instancemanager.GrandBossManager	GrandBossManager: Initialized 17 Grand Boss Zones
2017.12.22 09:48:00,485	INFO	1	ct25.xtreme.gameserver.instancemanager.FourSepulchersManager	FourSepulchersManager: loaded 20 Mysterious-Box spawns.
2017.12.22 09:48:00,530	INFO	1	ct25.xtreme.gameserver.instancemanager.FourSepulchersManager	FourSepulchersManager: loaded 716 Physical type monsters spawns.
2017.12.22 09:48:00,576	INFO	1	ct25.xtreme.gameserver.instancemanager.FourSepulchersManager	FourSepulchersManager: loaded 716 Magical type monsters spawns.
2017.12.22 09:48:00,608	INFO	1	ct25.xtreme.gameserver.instancemanager.FourSepulchersManager	FourSepulchersManager: loaded 92 Church of duke monsters spawns.
2017.12.22 09:48:00,608	INFO	1	ct25.xtreme.gameserver.instancemanager.FourSepulchersManager	FourSepulchersManager: loaded 68 Emperor's grave NPC spawns.
2017.12.22 09:48:00,608	INFO	1	ct25.xtreme.gameserver.instancemanager.FourSepulchersManager	FourSepulchersManager: spawned Conquerors' Sepulcher Manager
2017.12.22 09:48:00,623	INFO	1	ct25.xtreme.gameserver.instancemanager.FourSepulchersManager	FourSepulchersManager: spawned Emperors' Sepulcher Manager
2017.12.22 09:48:00,623	INFO	1	ct25.xtreme.gameserver.instancemanager.FourSepulchersManager	FourSepulchersManager: spawned Great Sages' Sepulcher Manager
2017.12.22 09:48:00,623	INFO	1	ct25.xtreme.gameserver.instancemanager.FourSepulchersManager	FourSepulchersManager: spawned Judges' Sepulcher Manager
2017.12.22 09:48:00,623	INFO	1	ct25.xtreme.gameserver.instancemanager.FourSepulchersManager	FourSepulchersManager: Beginning in Attack time
2017.12.22 09:48:00,623	INFO	24	ct25.xtreme.gameserver.instancemanager.FourSepulchersManager	Fri Dec 22 09:48:00 BRST 2017 Atk announce scheduled to 50.0 minute of this hour.
2017.12.22 09:48:00,681	INFO	1	ct25.xtreme.gameserver.instancemanager.DimensionalRiftManager	DimensionalRiftManager: Loaded 7 room types with 56 rooms.
2017.12.22 09:48:00,697	INFO	1	ct25.xtreme.gameserver.instancemanager.DimensionalRiftManager	DimensionalRiftManager: Loaded 462 dimensional rift spawns, 0 errors.
2017.12.22 09:48:00,713	INFO	1	ct25.xtreme.gameserver.instancemanager.QuestManager	Initializing QuestManager
2017.12.22 09:48:00,715	INFO	1	ct25.xtreme.gameserver.GameServer	--------------------------------------------------------------------=[ Siege ]
2017.12.22 09:48:00,754	INFO	1	ct25.xtreme.gameserver.datatables.SiegeScheduleData	SiegeScheduleData: Loaded: 2 siege schedulers.
2017.12.22 09:48:00,780	INFO	1	ct25.xtreme.gameserver.instancemanager.SiegeManager	Initializing SiegeManager
2017.12.22 09:48:00,870	INFO	1	ct25.xtreme.gameserver.SevenSigns	SevenSigns: Currently in the Competition (Quest Event) period!
2017.12.22 09:48:00,872	INFO	1	ct25.xtreme.gameserver.SevenSigns	SevenSigns: The Seal of Avarice remains unclaimed.
2017.12.22 09:48:00,873	INFO	1	ct25.xtreme.gameserver.SevenSigns	SevenSigns: The Seal of Gnosis remains unclaimed.
2017.12.22 09:48:00,874	INFO	1	ct25.xtreme.gameserver.SevenSigns	SevenSigns: The Seal of Strife remains unclaimed.
2017.12.22 09:48:00,875	INFO	1	ct25.xtreme.gameserver.SevenSigns	SevenSigns: The competition, if the current trend continues, will end in a tie this week.
2017.12.22 09:48:00,877	INFO	1	ct25.xtreme.gameserver.SevenSigns	SevenSigns: Next period change set to Mon Dec 25 18:00:00 BRST 2017
2017.12.22 09:48:00,879	INFO	1	ct25.xtreme.gameserver.SevenSigns	SevenSigns: Next period begins in 3 days, 8 hours and 11 mins.
2017.12.22 09:48:00,881	INFO	1	ct25.xtreme.gameserver.model.entity.Siege	Siege of Gludio: Sun Dec 31 16:00:00 BRST 2017
2017.12.22 09:48:00,883	INFO	1	ct25.xtreme.gameserver.model.entity.Siege	Siege of Dion: Sun Dec 31 16:00:00 BRST 2017
2017.12.22 09:48:00,885	INFO	1	ct25.xtreme.gameserver.model.entity.Siege	Siege of Giran: Sun Dec 31 16:00:00 BRST 2017
2017.12.22 09:48:00,887	INFO	1	ct25.xtreme.gameserver.model.entity.Siege	Siege of Oren: Sun Dec 31 16:00:00 BRST 2017
2017.12.22 09:48:00,888	INFO	1	ct25.xtreme.gameserver.model.entity.Siege	Siege of Aden: Sun Dec 31 16:00:00 BRST 2017
2017.12.22 09:48:00,890	INFO	1	ct25.xtreme.gameserver.model.entity.Siege	Siege of Innadril: Sun Dec 31 20:00:00 BRST 2017
2017.12.22 09:48:00,891	INFO	1	ct25.xtreme.gameserver.model.entity.Siege	Siege of Goddard: Sun Dec 31 20:00:00 BRST 2017
2017.12.22 09:48:00,892	INFO	1	ct25.xtreme.gameserver.model.entity.Siege	Siege of Rune: Sun Dec 31 20:00:00 BRST 2017
2017.12.22 09:48:00,893	INFO	1	ct25.xtreme.gameserver.model.entity.Siege	Siege of Schuttgart: Sun Dec 31 20:00:00 BRST 2017
2017.12.22 09:48:00,901	INFO	1	ct25.xtreme.gameserver.instancemanager.TerritoryWarManager	Initializing TerritoryWarManager
2017.12.22 09:48:00,929	INFO	1	ct25.xtreme.gameserver.instancemanager.CastleManorManager	Initializing CastleManorManager
2017.12.22 09:48:00,954	INFO	1	ct25.xtreme.gameserver.instancemanager.CastleManorManager	Manor System: Manor refresh updated
2017.12.22 09:48:00,956	INFO	1	ct25.xtreme.gameserver.instancemanager.CastleManorManager	Manor System: New Schedule for manor refresh @ Fri Dec 22 20:00:00 BRST 2017
2017.12.22 09:48:00,957	INFO	1	ct25.xtreme.gameserver.instancemanager.CastleManorManager	Manor System: Manor period approve updated
2017.12.22 09:48:00,958	INFO	1	ct25.xtreme.gameserver.instancemanager.CastleManorManager	Manor System: New Schedule for period approve @ Sat Dec 23 06:00:00 BRST 2017
2017.12.22 09:48:00,960	INFO	1	ct25.xtreme.gameserver.instancemanager.MercTicketManager	Initializing MercTicketManager
2017.12.22 09:48:00,962	INFO	1	ct25.xtreme.gameserver.instancemanager.MercTicketManager	Loaded: 0 Mercenary Tickets
2017.12.22 09:48:00,990	INFO	1	ct25.xtreme.gameserver.model.L2Manor	L2Manor: Loaded 258 Seeds.
2017.12.22 09:48:00,991	INFO	1	ct25.xtreme.gameserver.GameServer	-----------------------------------------------------------------=[ Olympiad ]
2017.12.22 09:48:01,005	INFO	1	ct25.xtreme.gameserver.model.olympiad.Olympiad	Olympiad System: Loading Olympiad System....
2017.12.22 09:48:01,005	INFO	1	ct25.xtreme.gameserver.model.olympiad.Olympiad	Olympiad System: Currently in Olympiad Period
2017.12.22 09:48:01,006	INFO	1	ct25.xtreme.gameserver.model.olympiad.Olympiad	Olympiad System: 14531 minutes until period ends
2017.12.22 09:48:01,006	INFO	1	ct25.xtreme.gameserver.model.olympiad.Olympiad	Olympiad System: Next weekly change is in 7356 minutes
2017.12.22 09:48:01,006	INFO	1	ct25.xtreme.gameserver.model.olympiad.Olympiad	Olympiad System: Loaded 0 Nobles
2017.12.22 09:48:01,010	INFO	1	ct25.xtreme.gameserver.model.olympiad.Olympiad	Olympiad System: Competition Period Starts in 0 days, 8 hours and 11 mins.
2017.12.22 09:48:01,012	INFO	1	ct25.xtreme.gameserver.model.olympiad.Olympiad	Olympiad System: Event starts/started : Fri Dec 22 18:00:01 BRST 2017
2017.12.22 09:48:01,014	INFO	1	ct25.xtreme.gameserver.model.entity.Hero	Hero System: Loaded 0 Heroes.
2017.12.22 09:48:01,014	INFO	1	ct25.xtreme.gameserver.model.entity.Hero	Hero System: Loaded 0 all time Heroes.
2017.12.22 09:48:01,014	INFO	1	ct25.xtreme.gameserver.GameServer	--------------------------------------------------------------------=[ Cache ]
2017.12.22 09:48:01,014	INFO	1	ct25.xtreme.gameserver.cache.HtmCache	Cache[HTML]: Running lazy cache
2017.12.22 09:48:01,029	INFO	1	ct25.xtreme.gameserver.cache.CrestCache	Cache[Crest]: 0,000MB on 0 files loaded. (Forget Time: 300s , Capacity: 50)
2017.12.22 09:48:01,045	INFO	1	ct25.xtreme.gameserver.datatables.TeleportLocationTable	TeleportLocationTable: Loaded 950 Teleport Location Templates.
2017.12.22 09:48:01,139	INFO	1	ct25.xtreme.gameserver.datatables.UIData	UIData: Loaded 4 keys 5 categories.
2017.12.22 09:48:01,154	INFO	1	ct25.xtreme.gameserver.instancemanager.PetitionManager	Initializing PetitionManager
2017.12.22 09:48:01,154	INFO	1	ct25.xtreme.gameserver.datatables.HennaTable	HennaTable: Loaded 180 Templates.
2017.12.22 09:48:01,218	INFO	1	ct25.xtreme.gameserver.datatables.HennaTreeTable	HennaTreeTable: Loaded 8136 Henna Tree Templates.
2017.12.22 09:48:01,218	INFO	1	ct25.xtreme.gameserver.datatables.HennaTable	Helper Buff Table: Loaded 17 Templates.
2017.12.22 09:48:01,233	INFO	1	ct25.xtreme.gameserver.datatables.AugmentationData	Initializing AugmentationData.
2017.12.22 09:48:01,409	INFO	1	ct25.xtreme.gameserver.datatables.AugmentationData	AugmentationData: Loaded: 52 augmentation stats.
2017.12.22 09:48:01,435	INFO	1	ct25.xtreme.gameserver.datatables.AugmentationData	AugmentationData: Loaded: 24 accessory augmentation stats.
2017.12.22 09:48:01,468	INFO	1	ct25.xtreme.gameserver.datatables.AugmentationData	AugmentationData: Loaded: 17 blue, 107 purple and 54 red skills for lifeStoneLevel 0
2017.12.22 09:48:01,473	INFO	1	ct25.xtreme.gameserver.datatables.AugmentationData	AugmentationData: Loaded: 17 blue, 107 purple and 54 red skills for lifeStoneLevel 1
2017.12.22 09:48:01,487	INFO	1	ct25.xtreme.gameserver.datatables.AugmentationData	AugmentationData: Loaded: 17 blue, 107 purple and 54 red skills for lifeStoneLevel 2
2017.12.22 09:48:01,490	INFO	1	ct25.xtreme.gameserver.datatables.AugmentationData	AugmentationData: Loaded: 17 blue, 107 purple and 54 red skills for lifeStoneLevel 3
2017.12.22 09:48:01,492	INFO	1	ct25.xtreme.gameserver.datatables.AugmentationData	AugmentationData: Loaded: 17 blue, 107 purple and 54 red skills for lifeStoneLevel 4
2017.12.22 09:48:01,492	INFO	1	ct25.xtreme.gameserver.datatables.AugmentationData	AugmentationData: Loaded: 17 blue, 107 purple and 54 red skills for lifeStoneLevel 5
2017.12.22 09:48:01,493	INFO	1	ct25.xtreme.gameserver.datatables.AugmentationData	AugmentationData: Loaded: 17 blue, 107 purple and 54 red skills for lifeStoneLevel 6
2017.12.22 09:48:01,493	INFO	1	ct25.xtreme.gameserver.datatables.AugmentationData	AugmentationData: Loaded: 17 blue, 107 purple and 54 red skills for lifeStoneLevel 7
2017.12.22 09:48:01,494	INFO	1	ct25.xtreme.gameserver.datatables.AugmentationData	AugmentationData: Loaded: 17 blue, 107 purple and 54 red skills for lifeStoneLevel 8
2017.12.22 09:48:01,495	INFO	1	ct25.xtreme.gameserver.datatables.AugmentationData	AugmentationData: Loaded: 17 blue, 107 purple and 54 red skills for lifeStoneLevel 9
2017.12.22 09:48:01,500	INFO	1	ct25.xtreme.gameserver.instancemanager.CursedWeaponsManager	Initializing CursedWeaponsManager
2017.12.22 09:48:01,537	INFO	1	ct25.xtreme.gameserver.instancemanager.CursedWeaponsManager	Loaded : 2 cursed weapon(s).
2017.12.22 09:48:01,539	INFO	1	ct25.xtreme.gameserver.GameServer	------------------------------------------------------------=[ Scheme Buffer ]
2017.12.22 09:48:01,544	INFO	1	ct25.xtreme.gameserver.datatables.ModsBufferSkillTable	ModsBufferSkill System: Initializing...
2017.12.22 09:48:01,547	INFO	1	ct25.xtreme.gameserver.datatables.ModsBufferSkillTable	ModsBufferSkill: Loaded 11 group(s) with a total of 149 skills.
2017.12.22 09:48:01,628	INFO	1	ct25.xtreme.gameserver.datatables.ModsBufferSchemeTable	ModsBufferScheme System: Initializing...
2017.12.22 09:48:01,633	WARNING	1	ct25.xtreme.gameserver.datatables.ModsBufferSchemeTable	ModsBufferScheme: Could not load Player: 
2017.12.22 09:48:01,678	INFO	1	ct25.xtreme.gameserver.datatables.ModsBufferSchemeTable	ModsBufferScheme: Loaded 0 Scheme(s).
2017.12.22 09:48:01,679	INFO	1	ct25.xtreme.gameserver.datatables.ModsBufferSchemeTable	ModsBufferScheme: Loaded 0 Content(s).
2017.12.22 09:48:01,680	INFO	1	ct25.xtreme.gameserver.GameServer	------------------------------------------------------------------=[ Scripts ]
2017.12.22 09:48:01,699	INFO	1	ct25.xtreme.gameserver.instancemanager.AirShipManager	AirShipManager: Loaded 0 private airships
2017.12.22 09:48:01,715	INFO	1	ct25.xtreme.gameserver.instancemanager.GraciaSeedsManager	GraciaSeedsManager: Initializing
2017.12.22 09:48:01,718	INFO	1	ct25.xtreme.gameserver.instancemanager.GraciaSeedsManager	GraciaSeedsManager: Seed Of Destruction stage = 1
2017.12.22 09:48:01,719	INFO	1	ct25.xtreme.gameserver.instancemanager.GraciaSeedsManager	GraciaSeedsManager: Seed Of Infinity stage = 1
2017.12.22 09:48:01,732	INFO	1	ct25.xtreme.gameserver.GameServer	Loading Server Scripts
2017.12.22 09:48:38,823	INFO	1	ai.zones.ForgeOfTheGods.TarBeetleSpawn	TarBeetleSpawn: Loaded 55 spawn zones.
2017.12.22 09:48:41,017	INFO	1	ct25.xtreme.gameserver.model.quest.Quest	SelMahumChefs: Loaded 11 chef groups.
2017.12.22 09:48:41,328	INFO	1	ai.zones.SelMahum.SelMahumTrainingGrounds	SelMahumTrainingGrounds: Loaded 31 training camps.
2017.12.22 09:48:50,167	WARNING	1	ct25.xtreme.gameserver.scripting.L2ScriptEngineManager	Failed executing script: C:\Users\Rener\git\RenerFreya\CT25-DataPack\build\CT25-DataPack1\game\data\scripts\handlers\MasterHandler.java. See MasterHandler.java.error.log for details.
2017.12.22 09:48:50,391	INFO	1	ct25.xtreme.gameserver.model.quest.Quest	HellboundEngine: Loaded: 47 trust point reward data
2017.12.22 09:48:50,392	INFO	1	ct25.xtreme.gameserver.model.quest.Quest	HellboundEngine: Mode: levels 0-3
2017.12.22 09:48:50,393	INFO	1	ct25.xtreme.gameserver.model.quest.Quest	HellboundEngine: Level: 0
2017.12.22 09:48:50,394	INFO	1	ct25.xtreme.gameserver.model.quest.Quest	HellboundEngine: Trust: 0
2017.12.22 09:48:50,395	INFO	1	ct25.xtreme.gameserver.model.quest.Quest	HellboundEngine: State: locked
2017.12.22 09:49:06,183	INFO	1	ct25.xtreme.gameserver.model.quest.Quest	Next TerritoryWarTime: Sat Dec 16 20:00:00 BRST 2017
2017.12.22 09:49:48,000	INFO	1	ct25.xtreme.gameserver.model.quest.Quest	[EnhanceYourWeapon] Loaded 54 Soul Crystal data.
2017.12.22 09:49:48,003	INFO	1	ct25.xtreme.gameserver.model.quest.Quest	[EnhanceYourWeapon] Loaded 240 npc Leveling info data.
2017.12.22 09:50:00,633	INFO	27	ct25.xtreme.gameserver.instancemanager.FourSepulchersManager	FourSepulchersManager: Entry time: Fri Dec 22 09:55:00 BRST 2017
