2017.12.22 08:38:51,532	INFO	1	ct25.xtreme.Config	Loading GameServer Configuration Files...
2017.12.22 08:38:51,707	INFO	1	ct25.xtreme.util.L2Properties	L2Properties: Missing property for key - DatapackRoot
2017.12.22 08:38:51,717	INFO	1	ct25.xtreme.Config$IPConfigData	Network Config: ipconfig.xml exists using manual configuration...
2017.12.22 08:38:52,204	INFO	1	ct25.xtreme.Config	Loaded 6 Filter Words.
2017.12.22 08:38:52,205	INFO	1	ct25.xtreme.gameserver.GameServer	-----------------------------------------------------------------=[ Database ]
2017.12.22 08:38:52,292	INFO	10	com.mchange.v2.log.MLog	MLog clients using java 1.4+ standard logging.
2017.12.22 08:38:53,122	INFO	1	com.mchange.v2.c3p0.C3P0Registry	Initializing c3p0-0.9.5-pre8 [built 04-April-2014 04:20:15 -0700; debug? true; trace: 10]
2017.12.22 08:38:53,418	INFO	1	com.mchange.v2.c3p0.impl.AbstractPoolBackedDataSource	Initializing c3p0 pool... com.mchange.v2.c3p0.ComboPooledDataSource [ acquireIncrement -> 5, acquireRetryAttempts -> 0, acquireRetryDelay -> 500, autoCommitOnClose -> true, automaticTestTable -> connection_test_table, breakAfterAcquireFailure -> false, checkoutTimeout -> 0, connectionCustomizerClassName -> null, connectionTesterClassName -> com.mchange.v2.c3p0.impl.DefaultConnectionTester, contextClassLoaderSource -> caller, dataSourceName -> 1hge13z9sywmfmn4jm9e1|3a4afd8d, debugUnreturnedConnectionStackTraces -> false, description -> null, driverClass -> com.mysql.jdbc.Driver, extensions -> {}, factoryClassLocation -> null, forceIgnoreUnresolvedTransactions -> false, forceUseNamedDriverClass -> false, identityToken -> 1hge13z9sywmfmn4jm9e1|3a4afd8d, idleConnectionTestPeriod -> 3600, initialPoolSize -> 10, jdbcUrl -> jdbc:mysql://localhost/iphone, maxAdministrativeTaskTime -> 0, maxConnectionAge -> 0, maxIdleTime -> 0, maxIdleTimeExcessConnections -> 0, maxPoolSize -> 100, maxStatements -> 0, maxStatementsPerConnection -> 100, minPoolSize -> 10, numHelperThreads -> 3, preferredTestQuery -> null, privilegeSpawnedThreads -> false, properties -> {user=******, password=******}, propertyCycle -> 0, statementCacheNumDeferredCloseThreads -> 0, testConnectionOnCheckin -> false, testConnectionOnCheckout -> false, unreturnedConnectionTimeout -> 0, userOverrides -> {}, usesTraditionalReflectiveProxies -> false ]
2017.12.22 08:38:55,102	INFO	1	ct25.xtreme.gameserver.GameServer	Freya Server Version:    ${br.version}
2017.12.22 08:38:55,117	INFO	1	ct25.xtreme.gameserver.GameServer	Freya Datapack Version:  ${br.version}
2017.12.22 08:38:55,377	INFO	1	ct25.xtreme.gameserver.idfactory.IdFactory	Updated characters online status.
2017.12.22 08:38:55,662	INFO	1	ct25.xtreme.gameserver.idfactory.IdFactory	Cleaned 0 expired timestamps from database.
2017.12.22 08:38:55,730	INFO	1	ct25.xtreme.gameserver.idfactory.BitSetIDFactory	IDFactory: 102912 id's available.
2017.12.22 08:38:55,734	INFO	1	ct25.xtreme.gameserver.GameServer	------------------------------------------------------------------=[ Engines ]
2017.12.22 08:38:55,880	INFO	1	ct25.xtreme.gameserver.scripting.L2ScriptEngineManager	Initializing Script Engine Manager
2017.12.22 08:38:57,401	INFO	1	ct25.xtreme.gameserver.scripting.L2ScriptEngineManager	Script Engine: Oracle Nashorn 1.8.0_152 - Language: ECMAScript - Language Version: ECMA - 262 Edition 5.1
2017.12.22 08:38:57,412	INFO	1	ct25.xtreme.gameserver.scripting.L2ScriptEngineManager	Script Engine: java 1.8 - Language: java - Language Version: 1.8
2017.12.22 08:39:06,791	INFO	1	ct25.xtreme.gameserver.scripting.L2ScriptEngineManager	Script Engine: jython 2.2.1 - Language: python - Language Version: 2.2.1
2017.12.22 08:39:06,872	INFO	1	ct25.xtreme.gameserver.GameServer	--------------------------------------------------------------------=[ World ]
2017.12.22 08:39:06,882	INFO	1	ct25.xtreme.gameserver.instancemanager.InstanceManager	Initializing InstanceManager
2017.12.22 08:39:06,898	INFO	1	ct25.xtreme.gameserver.instancemanager.InstanceManager	Loaded 146 instance names
2017.12.22 08:39:06,919	INFO	1	ct25.xtreme.gameserver.instancemanager.InstanceManager	Multiverse Instance created
2017.12.22 08:39:06,928	INFO	1	ct25.xtreme.gameserver.instancemanager.InstanceManager	Universe Instance created
2017.12.22 08:39:06,975	INFO	1	ct25.xtreme.gameserver.model.L2World	L2World: (128 by 136) World Region Grid set up.
2017.12.22 08:39:07,100	INFO	1	ct25.xtreme.gameserver.instancemanager.GlobalVariablesManager	GlobalVariablesManager: Loaded 11 variables.
2017.12.22 08:39:07,102	INFO	1	ct25.xtreme.gameserver.GameServer	-------------------------------------------------------------------=[ Skills ]
2017.12.22 08:39:07,169	INFO	1	ct25.xtreme.gameserver.datatables.EnchantGroupsTable	EnchantGroupsTable: Loaded 5 groups.
2017.12.22 08:39:12,907	INFO	1	ct25.xtreme.gameserver.datatables.SkillTreesData	SkillTreesData: Loaded 16690  Class Skills for 103 Class Skill Trees.
2017.12.22 08:39:12,910	INFO	1	ct25.xtreme.gameserver.datatables.SkillTreesData	SkillTreesData: Loaded 76 Sub-Class Skills.
2017.12.22 08:39:12,919	INFO	1	ct25.xtreme.gameserver.datatables.SkillTreesData	SkillTreesData: Loaded 77 Transfer Skills for 3 Transfer Skill Trees.
2017.12.22 08:39:12,923	INFO	1	ct25.xtreme.gameserver.datatables.SkillTreesData	SkillTreesData: Loaded 117 Fishing Skills, 0 Dwarven only Fishing Skills.
2017.12.22 08:39:12,926	INFO	1	ct25.xtreme.gameserver.datatables.SkillTreesData	SkillTreesData: Loaded 3 Collect Skills.
2017.12.22 08:39:12,929	INFO	1	ct25.xtreme.gameserver.datatables.SkillTreesData	SkillTreesData: Loaded 74 Pledge Skills, 44 for Pledge and 30 Residential.
2017.12.22 08:39:12,932	INFO	1	ct25.xtreme.gameserver.datatables.SkillTreesData	SkillTreesData: Loaded 18 Sub-Pledge Skills.
2017.12.22 08:39:12,935	INFO	1	ct25.xtreme.gameserver.datatables.SkillTreesData	SkillTreesData: Loaded 32 Transform Skills.
2017.12.22 08:39:13,684	INFO	1	ct25.xtreme.gameserver.datatables.SummonSkillsTable	PetSkillsTable: Loaded 1815 skills.
2017.12.22 08:39:13,898	INFO	1	ct25.xtreme.gameserver.GameServer	--------------------------------------------------------------------=[ Items ]
2017.12.22 08:39:16,455	INFO	1	ct25.xtreme.gameserver.datatables.ItemTable	Highest item id used:22172
2017.12.22 08:39:16,478	INFO	1	ct25.xtreme.gameserver.datatables.SummonItemsData	SummonItemsData: Loaded 53 summon items templates.
2017.12.22 08:39:16,502	INFO	1	ct25.xtreme.gameserver.datatables.EnchantHPBonusData	Enchant HP Bonus registered for 1892 items!
2017.12.22 08:39:16,509	INFO	1	ct25.xtreme.gameserver.datatables.MerchantPriceConfigTable	MerchantPriceConfigTable: Loaded 28 merchant price configs.
2017.12.22 08:39:18,057	INFO	1	ct25.xtreme.gameserver.TradeController	TradeController: Loaded 680 Buylists.
2017.12.22 08:39:18,641	INFO	1	ct25.xtreme.gameserver.datatables.MultiSell	MultiSell: Loaded 197 lists.
2017.12.22 08:39:18,698	INFO	1	ct25.xtreme.gameserver.RecipeController	RecipeController: Loaded 1000 recipes.
2017.12.22 08:39:18,779	INFO	1	ct25.xtreme.gameserver.datatables.ArmorSetsTable	ArmorSetsTable: Loaded 198 armor sets.
2017.12.22 08:39:18,934	INFO	1	ct25.xtreme.gameserver.datatables.FishTable	FishTable: Loaded 270 Fishes.
2017.12.22 08:39:18,939	INFO	1	ct25.xtreme.gameserver.GameServer	---------------------------------------------------------------=[ Characters ]
2017.12.22 08:39:19,100	INFO	1	ct25.xtreme.gameserver.datatables.CharTemplateTable	CharTemplateTable: Loaded 103 Character Templates.
2017.12.22 08:39:19,125	INFO	1	ct25.xtreme.gameserver.datatables.CharNameTable	CharNameTable: Loaded 3 char names.
2017.12.22 08:39:19,135	INFO	1	ct25.xtreme.gameserver.datatables.LevelUpData	LevelUpData: Loaded 103 Character Level Up Templates.
2017.12.22 08:39:19,220	INFO	1	ct25.xtreme.gameserver.datatables.AccessLevels	AccessLevels: Loaded 7 from database.
2017.12.22 08:39:19,311	INFO	1	ct25.xtreme.gameserver.datatables.AdminCommandAccessRights	AdminCommandAccessRights: Loaded 478 from database.
2017.12.22 08:39:19,319	INFO	1	ct25.xtreme.gameserver.instancemanager.RaidBossPointsManager	RaidBossPointsManager: Loaded 1 Characters Raid Points.
2017.12.22 08:39:19,536	INFO	1	ct25.xtreme.gameserver.model.actor.instance.L2PetInstance	PetDataTable: Loaded 49 Pets.
2017.12.22 08:39:19,597	INFO	1	ct25.xtreme.gameserver.GameServer	--------------------------------------------------------------------=[ Clans ]
2017.12.22 08:39:19,672	INFO	1	ct25.xtreme.gameserver.communitybbs.Manager.ForumsBBSManager	Loaded 4 forums. Last forum id used: 4
2017.12.22 08:39:19,676	INFO	1	ct25.xtreme.gameserver.datatables.ClanTable	Restored 0 clans from the database.
2017.12.22 08:39:19,697	INFO	1	ct25.xtreme.gameserver.instancemanager.ClanHallManager	Initializing ClanHallManager
2017.12.22 08:39:19,742	INFO	1	ct25.xtreme.gameserver.instancemanager.AuctionManager	Initializing AuctionManager
2017.12.22 08:39:19,891	INFO	1	ct25.xtreme.gameserver.instancemanager.AuctionManager	Loaded: 38 auction(s)
2017.12.22 08:39:19,898	INFO	1	ct25.xtreme.gameserver.instancemanager.ClanHallManager	Loaded: 0 clan halls
2017.12.22 08:39:19,907	INFO	1	ct25.xtreme.gameserver.instancemanager.ClanHallManager	Loaded: 44 free clan halls
2017.12.22 08:39:19,910	INFO	1	ct25.xtreme.gameserver.GameServer	------------------------------------------------------------------=[ Geodata ]
2017.12.22 08:39:19,915	INFO	1	ct25.xtreme.gameserver.GeoData	Geodata Engine: Disabled.
2017.12.22 08:39:19,917	INFO	1	ct25.xtreme.gameserver.GameServer	---------------------------------------------------------------------=[ NPCs ]
2017.12.22 08:39:20,458	INFO	1	ct25.xtreme.gameserver.datatables.NpcTable	NpcTable: (Re)Loaded 10088 NPC template(s).
2017.12.22 08:39:21,452	INFO	1	ct25.xtreme.gameserver.datatables.NpcTable	NpcTable: Loaded 517 Minions.
2017.12.22 08:39:21,857	INFO	1	ct25.xtreme.gameserver.datatables.NpcTable	NPC AI Data Table: Loaded 10088 AI Data.
2017.12.22 08:39:21,998	INFO	1	ct25.xtreme.gameserver.datatables.NpcTable	NPC Elementals Data Table: Loaded 10088 elementals Data.
2017.12.22 08:39:22,005	INFO	1	ct25.xtreme.gameserver.datatables.SpawnTable	Initializing Walkers Routes Table.
2017.12.22 08:39:22,020	INFO	1	ct25.xtreme.gameserver.datatables.SpawnTable	WalkerRoutesTable: Loaded 34 Npc Walker Routes.
2017.12.22 08:39:22,032	INFO	1	ct25.xtreme.gameserver.instancemanager.WalkingManager	WalkingManager: Loading walking routes...
2017.12.22 08:39:22,037	INFO	1	ct25.xtreme.gameserver.instancemanager.WalkingManager	WalkingManager: loaded 10 walking routes.
2017.12.22 08:39:22,046	INFO	1	ct25.xtreme.gameserver.instancemanager.ZoneManager	Loading zones...
2017.12.22 08:39:22,496	INFO	1	ct25.xtreme.gameserver.model.zone.L2ZoneType	L2CustomPvP: Unknown parameter - townId in zone: 5555
2017.12.22 08:39:24,035	INFO	1	ct25.xtreme.gameserver.instancemanager.GrandBossManager	Initializing GrandBossManager
2017.12.22 08:39:24,160	INFO	1	ct25.xtreme.gameserver.instancemanager.GrandBossManager	GrandBossManager: Queen Ant(29001) status is 0.
2017.12.22 08:39:24,164	INFO	1	ct25.xtreme.gameserver.instancemanager.GrandBossManager	GrandBossManager: Core(29006) status is 0.
2017.12.22 08:39:24,167	INFO	1	ct25.xtreme.gameserver.instancemanager.GrandBossManager	GrandBossManager: Orfen(29014) status is 0.
2017.12.22 08:39:24,170	INFO	1	ct25.xtreme.gameserver.instancemanager.GrandBossManager	GrandBossManager: Antharas(29019) status is 0.
2017.12.22 08:39:24,198	INFO	1	ct25.xtreme.gameserver.instancemanager.GrandBossManager	GrandBossManager: Baium(29020) status is 2.
2017.12.22 08:39:24,212	INFO	1	ct25.xtreme.gameserver.instancemanager.GrandBossManager	GrandBossManager: Next spawn date of Baium is Thu Dec 28 04:04:14 BRST 2017.
2017.12.22 08:39:24,214	INFO	1	ct25.xtreme.gameserver.instancemanager.GrandBossManager	GrandBossManager: Valakas(29028) status is 0.
2017.12.22 08:39:24,216	INFO	1	ct25.xtreme.gameserver.instancemanager.GrandBossManager	GrandBossManager: Antharas(29066) status is 0.
2017.12.22 08:39:24,222	INFO	1	ct25.xtreme.gameserver.instancemanager.GrandBossManager	GrandBossManager: Antharas(29067) status is 0.
2017.12.22 08:39:24,225	INFO	1	ct25.xtreme.gameserver.instancemanager.GrandBossManager	GrandBossManager: Antharas(29068) status is 0.
2017.12.22 08:39:24,228	INFO	1	ct25.xtreme.gameserver.instancemanager.GrandBossManager	GrandBossManager: Beleth(29118) status is 0.
2017.12.22 08:39:24,237	INFO	1	ct25.xtreme.gameserver.instancemanager.GrandBossManager	GrandBossManager: Loaded 10 Instances
2017.12.22 08:39:25,520	CONFIG	1	ct25.xtreme.gameserver.instancemanager.ZoneManager	Caution: Zone (40001) from file: custom_town_zones.xml overrides previos definition.
2017.12.22 08:39:36,736	INFO	1	ct25.xtreme.gameserver.instancemanager.ZoneManager	Done: loaded 26 zone classes and 2491 zones.
2017.12.22 08:39:36,745	INFO	1	ct25.xtreme.gameserver.datatables.DoorTable	Searching clan halls doors:
2017.12.22 08:39:36,895	INFO	1	ct25.xtreme.gameserver.datatables.DoorTable	DoorTable: Loaded 977 Door Templates for 19 regions.
2017.12.22 08:39:36,950	INFO	1	ct25.xtreme.gameserver.datatables.StaticObjects	StaticObjects: Loaded 51 static object templates.
2017.12.22 08:39:36,967	INFO	1	ct25.xtreme.gameserver.instancemanager.ItemAuctionManager	ItemAuctionManager: Disabled by config.
2017.12.22 08:39:36,969	INFO	1	ct25.xtreme.gameserver.instancemanager.CastleManager	Initializing CastleManager
2017.12.22 08:39:37,113	INFO	1	ct25.xtreme.gameserver.instancemanager.CastleManager	Loaded: 9 castles
2017.12.22 08:39:37,118	INFO	1	ct25.xtreme.gameserver.instancemanager.FortManager	Initializing FortManager
2017.12.22 08:39:40,198	INFO	1	ct25.xtreme.gameserver.datatables.SpawnTable	SpawnTable: Loaded 3506 Npc Spawn Locations.
2017.12.22 08:39:40,579	INFO	1	ct25.xtreme.gameserver.instancemanager.FortManager	Loaded: 21 fortress
2017.12.22 08:39:41,692	INFO	1	ct25.xtreme.gameserver.instancemanager.FortSiegeManager	Initializing FortSiegeManager
2017.12.22 08:39:43,051	INFO	1	ct25.xtreme.gameserver.datatables.NpcBufferTable	NpcBufferSkillIdsTable: Loaded 1 buffers and 10 skills.
2017.12.22 08:39:43,117	INFO	1	ct25.xtreme.gameserver.instancemanager.HellboundManager	HellboundManager: Loaded 582 npc spawn locations.
2017.12.22 08:39:43,246	INFO	1	ct25.xtreme.gameserver.instancemanager.RaidBossSpawnManager	RaidBossSpawnManager: Loaded 188 Instances
2017.12.22 08:39:43,253	INFO	1	ct25.xtreme.gameserver.instancemanager.RaidBossSpawnManager	RaidBossSpawnManager: Scheduled 0 Instances
2017.12.22 08:39:43,260	INFO	1	ct25.xtreme.gameserver.instancemanager.DayNightSpawnManager	DayNightSpawnManager: Removed 0 night creatures
2017.12.22 08:39:43,269	INFO	1	ct25.xtreme.gameserver.instancemanager.DayNightSpawnManager	DayNightSpawnManager: Spawned 232 day creatures
2017.12.22 08:39:43,289	INFO	1	ct25.xtreme.gameserver.instancemanager.GrandBossManager	GrandBossManager: Initialized 17 Grand Boss Zones
2017.12.22 08:39:43,340	INFO	1	ct25.xtreme.gameserver.instancemanager.FourSepulchersManager	FourSepulchersManager: loaded 20 Mysterious-Box spawns.
2017.12.22 08:39:43,378	INFO	1	ct25.xtreme.gameserver.instancemanager.FourSepulchersManager	FourSepulchersManager: loaded 716 Physical type monsters spawns.
2017.12.22 08:39:43,426	INFO	1	ct25.xtreme.gameserver.instancemanager.FourSepulchersManager	FourSepulchersManager: loaded 716 Magical type monsters spawns.
2017.12.22 08:39:43,436	INFO	1	ct25.xtreme.gameserver.instancemanager.FourSepulchersManager	FourSepulchersManager: loaded 92 Church of duke monsters spawns.
2017.12.22 08:39:43,445	INFO	1	ct25.xtreme.gameserver.instancemanager.FourSepulchersManager	FourSepulchersManager: loaded 68 Emperor's grave NPC spawns.
2017.12.22 08:39:43,447	INFO	1	ct25.xtreme.gameserver.instancemanager.FourSepulchersManager	FourSepulchersManager: spawned Conquerors' Sepulcher Manager
2017.12.22 08:39:43,449	INFO	1	ct25.xtreme.gameserver.instancemanager.FourSepulchersManager	FourSepulchersManager: spawned Emperors' Sepulcher Manager
2017.12.22 08:39:43,451	INFO	1	ct25.xtreme.gameserver.instancemanager.FourSepulchersManager	FourSepulchersManager: spawned Great Sages' Sepulcher Manager
2017.12.22 08:39:43,453	INFO	1	ct25.xtreme.gameserver.instancemanager.FourSepulchersManager	FourSepulchersManager: spawned Judges' Sepulcher Manager
2017.12.22 08:39:43,457	INFO	1	ct25.xtreme.gameserver.instancemanager.FourSepulchersManager	FourSepulchersManager: Beginning in Attack time
2017.12.22 08:39:43,460	INFO	27	ct25.xtreme.gameserver.instancemanager.FourSepulchersManager	Fri Dec 22 08:39:43 BRST 2017 Atk announce scheduled to 40.0 minute of this hour.
2017.12.22 08:39:43,494	INFO	1	ct25.xtreme.gameserver.instancemanager.DimensionalRiftManager	DimensionalRiftManager: Loaded 7 room types with 56 rooms.
2017.12.22 08:39:43,510	INFO	1	ct25.xtreme.gameserver.instancemanager.DimensionalRiftManager	DimensionalRiftManager: Loaded 462 dimensional rift spawns, 0 errors.
2017.12.22 08:39:43,520	INFO	1	ct25.xtreme.gameserver.instancemanager.QuestManager	Initializing QuestManager
2017.12.22 08:39:43,523	INFO	1	ct25.xtreme.gameserver.GameServer	--------------------------------------------------------------------=[ Siege ]
2017.12.22 08:39:43,544	INFO	1	ct25.xtreme.gameserver.datatables.SiegeScheduleData	SiegeScheduleData: Loaded: 2 siege schedulers.
2017.12.22 08:39:43,549	INFO	1	ct25.xtreme.gameserver.instancemanager.SiegeManager	Initializing SiegeManager
2017.12.22 08:39:43,709	INFO	1	ct25.xtreme.gameserver.SevenSigns	SevenSigns: Currently in the Competition (Quest Event) period!
2017.12.22 08:39:43,713	INFO	1	ct25.xtreme.gameserver.SevenSigns	SevenSigns: The Seal of Avarice remains unclaimed.
2017.12.22 08:39:43,716	INFO	1	ct25.xtreme.gameserver.SevenSigns	SevenSigns: The Seal of Gnosis remains unclaimed.
2017.12.22 08:39:43,720	INFO	1	ct25.xtreme.gameserver.SevenSigns	SevenSigns: The Seal of Strife remains unclaimed.
2017.12.22 08:39:43,727	INFO	1	ct25.xtreme.gameserver.SevenSigns	SevenSigns: The competition, if the current trend continues, will end in a tie this week.
2017.12.22 08:39:43,732	INFO	1	ct25.xtreme.gameserver.SevenSigns	SevenSigns: Next period change set to Mon Dec 25 18:00:43 BRST 2017
2017.12.22 08:39:43,735	INFO	1	ct25.xtreme.gameserver.SevenSigns	SevenSigns: Next period begins in 3 days, 9 hours and 20 mins.
2017.12.22 08:39:43,739	INFO	1	ct25.xtreme.gameserver.model.entity.Siege	Siege of Gludio: Sun Dec 31 16:00:00 BRST 2017
2017.12.22 08:39:43,751	INFO	1	ct25.xtreme.gameserver.model.entity.Siege	Siege of Dion: Sun Dec 31 16:00:00 BRST 2017
2017.12.22 08:39:43,759	INFO	1	ct25.xtreme.gameserver.model.entity.Siege	Siege of Giran: Sun Dec 31 16:00:00 BRST 2017
2017.12.22 08:39:43,763	INFO	1	ct25.xtreme.gameserver.model.entity.Siege	Siege of Oren: Sun Dec 31 16:00:00 BRST 2017
2017.12.22 08:39:43,768	INFO	1	ct25.xtreme.gameserver.model.entity.Siege	Siege of Aden: Sun Dec 31 16:00:00 BRST 2017
2017.12.22 08:39:43,773	INFO	1	ct25.xtreme.gameserver.model.entity.Siege	Siege of Innadril: Sun Dec 31 20:00:00 BRST 2017
2017.12.22 08:39:43,778	INFO	1	ct25.xtreme.gameserver.model.entity.Siege	Siege of Goddard: Sun Dec 31 20:00:00 BRST 2017
2017.12.22 08:39:43,781	INFO	1	ct25.xtreme.gameserver.model.entity.Siege	Siege of Rune: Sun Dec 31 20:00:00 BRST 2017
2017.12.22 08:39:43,784	INFO	1	ct25.xtreme.gameserver.model.entity.Siege	Siege of Schuttgart: Sun Dec 31 20:00:00 BRST 2017
2017.12.22 08:39:43,793	INFO	1	ct25.xtreme.gameserver.instancemanager.TerritoryWarManager	Initializing TerritoryWarManager
2017.12.22 08:39:43,885	INFO	1	ct25.xtreme.gameserver.instancemanager.CastleManorManager	Initializing CastleManorManager
2017.12.22 08:39:43,966	INFO	1	ct25.xtreme.gameserver.instancemanager.CastleManorManager	Manor System: Manor refresh updated
2017.12.22 08:39:43,970	INFO	1	ct25.xtreme.gameserver.instancemanager.CastleManorManager	Manor System: New Schedule for manor refresh @ Fri Dec 22 20:00:43 BRST 2017
2017.12.22 08:39:43,976	INFO	1	ct25.xtreme.gameserver.instancemanager.CastleManorManager	Manor System: Manor period approve updated
2017.12.22 08:39:43,979	INFO	1	ct25.xtreme.gameserver.instancemanager.CastleManorManager	Manor System: New Schedule for period approve @ Sat Dec 23 06:00:00 BRST 2017
2017.12.22 08:39:43,982	INFO	1	ct25.xtreme.gameserver.instancemanager.MercTicketManager	Initializing MercTicketManager
2017.12.22 08:39:44,117	INFO	1	ct25.xtreme.gameserver.instancemanager.MercTicketManager	Loaded: 0 Mercenary Tickets
2017.12.22 08:39:44,152	INFO	1	ct25.xtreme.gameserver.model.L2Manor	L2Manor: Loaded 258 Seeds.
2017.12.22 08:39:44,156	INFO	1	ct25.xtreme.gameserver.GameServer	-----------------------------------------------------------------=[ Olympiad ]
2017.12.22 08:39:44,193	INFO	1	ct25.xtreme.gameserver.model.olympiad.Olympiad	Olympiad System: Loading Olympiad System....
2017.12.22 08:39:44,195	INFO	1	ct25.xtreme.gameserver.model.olympiad.Olympiad	Olympiad System: Currently in Olympiad Period
2017.12.22 08:39:44,197	INFO	1	ct25.xtreme.gameserver.model.olympiad.Olympiad	Olympiad System: 14600 minutes until period ends
2017.12.22 08:39:44,199	INFO	1	ct25.xtreme.gameserver.model.olympiad.Olympiad	Olympiad System: Next weekly change is in 7424 minutes
2017.12.22 08:39:44,201	INFO	1	ct25.xtreme.gameserver.model.olympiad.Olympiad	Olympiad System: Loaded 0 Nobles
2017.12.22 08:39:44,207	INFO	1	ct25.xtreme.gameserver.model.olympiad.Olympiad	Olympiad System: Competition Period Starts in 0 days, 9 hours and 21 mins.
2017.12.22 08:39:44,208	INFO	1	ct25.xtreme.gameserver.model.olympiad.Olympiad	Olympiad System: Event starts/started : Fri Dec 22 18:00:44 BRST 2017
2017.12.22 08:39:44,259	INFO	1	ct25.xtreme.gameserver.model.entity.Hero	Hero System: Loaded 0 Heroes.
2017.12.22 08:39:44,261	INFO	1	ct25.xtreme.gameserver.model.entity.Hero	Hero System: Loaded 0 all time Heroes.
2017.12.22 08:39:44,264	INFO	1	ct25.xtreme.gameserver.GameServer	--------------------------------------------------------------------=[ Cache ]
2017.12.22 08:39:44,268	INFO	1	ct25.xtreme.gameserver.cache.HtmCache	Cache[HTML]: Running lazy cache
2017.12.22 08:39:44,276	INFO	1	ct25.xtreme.gameserver.cache.CrestCache	Cache[Crest]: 0,000MB on 0 files loaded. (Forget Time: 300s , Capacity: 50)
2017.12.22 08:39:44,340	INFO	1	ct25.xtreme.gameserver.datatables.TeleportLocationTable	TeleportLocationTable: Loaded 950 Teleport Location Templates.
2017.12.22 08:39:44,394	INFO	1	ct25.xtreme.gameserver.datatables.UIData	UIData: Loaded 4 keys 5 categories.
2017.12.22 08:39:44,453	INFO	1	ct25.xtreme.gameserver.instancemanager.PetitionManager	Initializing PetitionManager
2017.12.22 08:39:44,500	INFO	1	ct25.xtreme.gameserver.datatables.HennaTable	HennaTable: Loaded 180 Templates.
2017.12.22 08:39:44,578	INFO	1	ct25.xtreme.gameserver.datatables.HennaTreeTable	HennaTreeTable: Loaded 8136 Henna Tree Templates.
2017.12.22 08:39:44,586	INFO	1	ct25.xtreme.gameserver.datatables.HennaTable	Helper Buff Table: Loaded 17 Templates.
2017.12.22 08:39:44,592	INFO	1	ct25.xtreme.gameserver.datatables.AugmentationData	Initializing AugmentationData.
2017.12.22 08:39:44,634	INFO	1	ct25.xtreme.gameserver.datatables.AugmentationData	AugmentationData: Loaded: 52 augmentation stats.
2017.12.22 08:39:44,637	INFO	1	ct25.xtreme.gameserver.datatables.AugmentationData	AugmentationData: Loaded: 24 accessory augmentation stats.
2017.12.22 08:39:44,639	INFO	1	ct25.xtreme.gameserver.datatables.AugmentationData	AugmentationData: Loaded: 17 blue, 107 purple and 54 red skills for lifeStoneLevel 0
2017.12.22 08:39:44,642	INFO	1	ct25.xtreme.gameserver.datatables.AugmentationData	AugmentationData: Loaded: 17 blue, 107 purple and 54 red skills for lifeStoneLevel 1
2017.12.22 08:39:44,648	INFO	1	ct25.xtreme.gameserver.datatables.AugmentationData	AugmentationData: Loaded: 17 blue, 107 purple and 54 red skills for lifeStoneLevel 2
2017.12.22 08:39:44,653	INFO	1	ct25.xtreme.gameserver.datatables.AugmentationData	AugmentationData: Loaded: 17 blue, 107 purple and 54 red skills for lifeStoneLevel 3
2017.12.22 08:39:44,662	INFO	1	ct25.xtreme.gameserver.datatables.AugmentationData	AugmentationData: Loaded: 17 blue, 107 purple and 54 red skills for lifeStoneLevel 4
2017.12.22 08:39:44,672	INFO	1	ct25.xtreme.gameserver.datatables.AugmentationData	AugmentationData: Loaded: 17 blue, 107 purple and 54 red skills for lifeStoneLevel 5
2017.12.22 08:39:44,677	INFO	1	ct25.xtreme.gameserver.datatables.AugmentationData	AugmentationData: Loaded: 17 blue, 107 purple and 54 red skills for lifeStoneLevel 6
2017.12.22 08:39:44,680	INFO	1	ct25.xtreme.gameserver.datatables.AugmentationData	AugmentationData: Loaded: 17 blue, 107 purple and 54 red skills for lifeStoneLevel 7
2017.12.22 08:39:44,686	INFO	1	ct25.xtreme.gameserver.datatables.AugmentationData	AugmentationData: Loaded: 17 blue, 107 purple and 54 red skills for lifeStoneLevel 8
2017.12.22 08:39:44,692	INFO	1	ct25.xtreme.gameserver.datatables.AugmentationData	AugmentationData: Loaded: 17 blue, 107 purple and 54 red skills for lifeStoneLevel 9
2017.12.22 08:39:44,699	INFO	1	ct25.xtreme.gameserver.instancemanager.CursedWeaponsManager	Initializing CursedWeaponsManager
2017.12.22 08:39:44,740	INFO	1	ct25.xtreme.gameserver.instancemanager.CursedWeaponsManager	Loaded : 2 cursed weapon(s).
2017.12.22 08:39:44,747	INFO	1	ct25.xtreme.gameserver.GameServer	------------------------------------------------------------=[ Scheme Buffer ]
2017.12.22 08:39:44,751	INFO	1	ct25.xtreme.gameserver.datatables.ModsBufferSkillTable	ModsBufferSkill System: Initializing...
2017.12.22 08:39:44,773	INFO	1	ct25.xtreme.gameserver.datatables.ModsBufferSkillTable	ModsBufferSkill: Loaded 11 group(s) with a total of 149 skills.
2017.12.22 08:39:44,818	INFO	1	ct25.xtreme.gameserver.datatables.ModsBufferSchemeTable	ModsBufferScheme System: Initializing...
2017.12.22 08:39:44,826	WARNING	1	ct25.xtreme.gameserver.datatables.ModsBufferSchemeTable	ModsBufferScheme: Could not load Player: 
2017.12.22 08:39:44,897	INFO	1	ct25.xtreme.gameserver.datatables.ModsBufferSchemeTable	ModsBufferScheme: Loaded 0 Scheme(s).
2017.12.22 08:39:44,899	INFO	1	ct25.xtreme.gameserver.datatables.ModsBufferSchemeTable	ModsBufferScheme: Loaded 0 Content(s).
2017.12.22 08:39:44,900	INFO	1	ct25.xtreme.gameserver.GameServer	------------------------------------------------------------------=[ Scripts ]
2017.12.22 08:39:44,961	INFO	1	ct25.xtreme.gameserver.instancemanager.AirShipManager	AirShipManager: Loaded 0 private airships
2017.12.22 08:39:44,970	INFO	1	ct25.xtreme.gameserver.instancemanager.GraciaSeedsManager	GraciaSeedsManager: Initializing
2017.12.22 08:39:44,973	INFO	1	ct25.xtreme.gameserver.instancemanager.GraciaSeedsManager	GraciaSeedsManager: Seed Of Destruction stage = 1
2017.12.22 08:39:44,974	INFO	1	ct25.xtreme.gameserver.instancemanager.GraciaSeedsManager	GraciaSeedsManager: Seed Of Infinity stage = 1
2017.12.22 08:39:45,003	INFO	1	ct25.xtreme.gameserver.GameServer	Loading Server Scripts
2017.12.22 08:40:19,320	INFO	1	ai.zones.ForgeOfTheGods.TarBeetleSpawn	TarBeetleSpawn: Loaded 55 spawn zones.
2017.12.22 08:40:21,643	INFO	1	ct25.xtreme.gameserver.model.quest.Quest	SelMahumChefs: Loaded 11 chef groups.
2017.12.22 08:40:22,083	INFO	1	ai.zones.SelMahum.SelMahumTrainingGrounds	SelMahumTrainingGrounds: Loaded 31 training camps.
2017.12.22 08:40:35,982	WARNING	1	ct25.xtreme.gameserver.scripting.L2ScriptEngineManager	Failed executing script: C:\Users\Rener\git\RenerFreya\CT25-DataPack\build\CT25-DataPack\game\data\scripts\handlers\MasterHandler.java. See MasterHandler.java.error.log for details.
2017.12.22 08:40:36,543	INFO	1	ct25.xtreme.gameserver.model.quest.Quest	HellboundEngine: Loaded: 47 trust point reward data
2017.12.22 08:40:36,546	INFO	1	ct25.xtreme.gameserver.model.quest.Quest	HellboundEngine: Mode: levels 0-3
2017.12.22 08:40:36,549	INFO	1	ct25.xtreme.gameserver.model.quest.Quest	HellboundEngine: Level: 0
2017.12.22 08:40:36,552	INFO	1	ct25.xtreme.gameserver.model.quest.Quest	HellboundEngine: Trust: 0
2017.12.22 08:40:36,560	INFO	1	ct25.xtreme.gameserver.model.quest.Quest	HellboundEngine: State: locked
2017.12.22 08:40:58,569	INFO	1	ct25.xtreme.gameserver.model.quest.Quest	Next TerritoryWarTime: Sat Dec 16 20:00:00 BRST 2017
