dez 20, 2017 12:45:59 PM ct25.xtreme.L2DatabaseFactory$ConnectionCloser run
ADVERTÊNCIA: Unclosed connection! Trace: ct25.xtreme.gameserver.datatables.ModsBufferSchemeTable.loadSchemePlayer(ModsBufferSchemeTable.java:81)
java.lang.RuntimeException
	at ct25.xtreme.L2DatabaseFactory.getConnection(L2DatabaseFactory.java:228)
	at ct25.xtreme.gameserver.datatables.ModsBufferSchemeTable.loadSchemePlayer(ModsBufferSchemeTable.java:81)
	at ct25.xtreme.gameserver.datatables.ModsBufferSchemeTable.loadMyScheme(ModsBufferSchemeTable.java:154)
	at ct25.xtreme.gameserver.network.clientpackets.EnterWorld.runImpl(EnterWorld.java:213)
	at ct25.xtreme.gameserver.network.clientpackets.L2GameClientPacket.run(L2GameClientPacket.java:62)
	at ct25.xtreme.gameserver.network.L2GameClient.run(L2GameClient.java:1004)
	at java.util.concurrent.ThreadPoolExecutor.runWorker(ThreadPoolExecutor.java:1149)
	at java.util.concurrent.ThreadPoolExecutor$Worker.run(ThreadPoolExecutor.java:624)
	at java.lang.Thread.run(Thread.java:748)

dez 20, 2017 12:47:21 PM ct25.xtreme.gameserver.network.clientpackets.L2GameClientPacket run
GRAVE: Client: [Character: disconnected - Account: max - IP: 127.0.0.1] - Failed running: [C] 03 EnterWorld - L2J Server Version: ${br.version} - DP Revision: ${br.version} ; null
java.lang.NullPointerException
	at ct25.xtreme.gameserver.model.actor.instance.L2PcInstance.queryGameGuard(L2PcInstance.java:4532)
	at ct25.xtreme.gameserver.network.clientpackets.EnterWorld.runImpl(EnterWorld.java:330)
	at ct25.xtreme.gameserver.network.clientpackets.L2GameClientPacket.run(L2GameClientPacket.java:62)
	at ct25.xtreme.gameserver.network.L2GameClient.run(L2GameClient.java:1004)
	at java.util.concurrent.ThreadPoolExecutor.runWorker(ThreadPoolExecutor.java:1149)
	at java.util.concurrent.ThreadPoolExecutor$Worker.run(ThreadPoolExecutor.java:624)
	at java.lang.Thread.run(Thread.java:748)

